[2025-10-08 01:38:12] local.ERROR: Method App\Http\Controllers\Auth\AuthenticatedSessionController::create does not exist. {"exception":"[object] (BadMethodCallException(code: 0): Method App\\Http\\Controllers\\Auth\\AuthenticatedSessionController::create does not exist. at /opt/bitnami/nginx/html/vendor/laravel/framework/src/Illuminate/Routing/Controller.php:68)
[stacktrace]
#0 /opt/bitnami/nginx/html/vendor/laravel/framework/src/Illuminate/Routing/Controller.php(54): Illuminate\\Routing\\Controller->__call()
#1 /opt/bitnami/nginx/html/vendor/laravel/framework/src/Illuminate/Routing/ControllerDispatcher.php(44): Illuminate\\Routing\\Controller->callAction()
#2 /opt/bitnami/nginx/html/vendor/laravel/framework/src/Illuminate/Routing/Route.php(266): Illuminate\\Routing\\ControllerDispatcher->dispatch()
#3 /opt/bitnami/nginx/html/vendor/laravel/framework/src/Illuminate/Routing/Route.php(212): Illuminate\\Routing\\Route->runController()
#4 /opt/bitnami/nginx/html/vendor/laravel/framework/src/Illuminate/Routing/Router.php(808): Illuminate\\Routing\\Route->run()
#5 /opt/bitnami/nginx/html/vendor/laravel/framework/src/Illuminate/Pipeline/Pipeline.php(170): Illuminate\\Routing\\Router->Illuminate\\Routing\\{closure}()
#6 /opt/bitnami/nginx/html/app/Http/Middleware/RedirectIfAuthenticated.php(28): Illuminate\\Pipeline\\Pipeline->Illuminate\\Pipeline\\{closure}()
#7 /opt/bitnami/nginx/html/vendor/laravel/framework/src/Illuminate/Pipeline/Pipeline.php(209): App\\Http\\Middleware\\RedirectIfAuthenticated->handle()
#8 /opt/bitnami/nginx/html/app/Http/Middleware/CheckInstallation.php(33): Illuminate\\Pipeline\\Pipeline->Illuminate\\Pipeline\\{closure}()
#9 /opt/bitnami/nginx/html/vendor/laravel/framework/src/Illuminate/Pipeline/Pipeline.php(209): App\\Http\\Middleware\\CheckInstallation->handle()
#10 /opt/bitnami/nginx/html/app/Http/Middleware/SetLocale.php(23): Illuminate\\Pipeline\\Pipeline->Illuminate\\Pipeline\\{closure}()
#11 /opt/bitnami/nginx/html/vendor/laravel/framework/src/Illuminate/Pipeline/Pipeline.php(209): App\\Http\\Middleware\\SetLocale->handle()
#12 /opt/bitnami/nginx/html/vendor/laravel/framework/src/Illuminate/Routing/Middleware/SubstituteBindings.php(51): Illuminate\\Pipeline\\Pipeline->Illuminate\\Pipeline\\{closure}()
#13 /opt/bitnami/nginx/html/vendor/laravel/framework/src/Illuminate/Pipeline/Pipeline.php(209): Illuminate\\Routing\\Middleware\\SubstituteBindings->handle()
#14 /opt/bitnami/nginx/html/vendor/laravel/framework/src/Illuminate/Foundation/Http/Middleware/VerifyCsrfToken.php(88): Illuminate\\Pipeline\\Pipeline->Illuminate\\Pipeline\\{closure}()
#15 /opt/bitnami/nginx/html/vendor/laravel/framework/src/Illuminate/Pipeline/Pipeline.php(209): Illuminate\\Foundation\\Http\\Middleware\\VerifyCsrfToken->handle()
#16 /opt/bitnami/nginx/html/vendor/laravel/framework/src/Illuminate/View/Middleware/ShareErrorsFromSession.php(49): Illuminate\\Pipeline\\Pipeline->Illuminate\\Pipeline\\{closure}()
#17 /opt/bitnami/nginx/html/vendor/laravel/framework/src/Illuminate/Pipeline/Pipeline.php(209): Illuminate\\View\\Middleware\\ShareErrorsFromSession->handle()
#18 /opt/bitnami/nginx/html/vendor/laravel/framework/src/Illuminate/Session/Middleware/StartSession.php(121): Illuminate\\Pipeline\\Pipeline->Illuminate\\Pipeline\\{closure}()
#19 /opt/bitnami/nginx/html/vendor/laravel/framework/src/Illuminate/Session/Middleware/StartSession.php(64): Illuminate\\Session\\Middleware\\StartSession->handleStatefulRequest()
#20 /opt/bitnami/nginx/html/vendor/laravel/framework/src/Illuminate/Pipeline/Pipeline.php(209): Illuminate\\Session\\Middleware\\StartSession->handle()
#21 /opt/bitnami/nginx/html/vendor/laravel/framework/src/Illuminate/Cookie/Middleware/AddQueuedCookiesToResponse.php(37): Illuminate\\Pipeline\\Pipeline->Illuminate\\Pipeline\\{closure}()
#22 /opt/bitnami/nginx/html/vendor/laravel/framework/src/Illuminate/Pipeline/Pipeline.php(209): Illuminate\\Cookie\\Middleware\\AddQueuedCookiesToResponse->handle()
#23 /opt/bitnami/nginx/html/vendor/laravel/framework/src/Illuminate/Cookie/Middleware/EncryptCookies.php(75): Illuminate\\Pipeline\\Pipeline->Illuminate\\Pipeline\\{closure}()
#24 /opt/bitnami/nginx/html/vendor/laravel/framework/src/Illuminate/Pipeline/Pipeline.php(209): Illuminate\\Cookie\\Middleware\\EncryptCookies->handle()
#25 /opt/bitnami/nginx/html/vendor/laravel/framework/src/Illuminate/Pipeline/Pipeline.php(127): Illuminate\\Pipeline\\Pipeline->Illuminate\\Pipeline\\{closure}()
#26 /opt/bitnami/nginx/html/vendor/laravel/framework/src/Illuminate/Routing/Router.php(807): Illuminate\\Pipeline\\Pipeline->then()
#27 /opt/bitnami/nginx/html/vendor/laravel/framework/src/Illuminate/Routing/Router.php(786): Illuminate\\Routing\\Router->runRouteWithinStack()
#28 /opt/bitnami/nginx/html/vendor/laravel/framework/src/Illuminate/Routing/Router.php(750): Illuminate\\Routing\\Router->runRoute()
#29 /opt/bitnami/nginx/html/vendor/laravel/framework/src/Illuminate/Routing/Router.php(739): Illuminate\\Routing\\Router->dispatchToRoute()
#30 /opt/bitnami/nginx/html/vendor/laravel/framework/src/Illuminate/Foundation/Http/Kernel.php(201): Illuminate\\Routing\\Router->dispatch()
#31 /opt/bitnami/nginx/html/vendor/laravel/framework/src/Illuminate/Pipeline/Pipeline.php(170): Illuminate\\Foundation\\Http\\Kernel->Illuminate\\Foundation\\Http\\{closure}()
#32 /opt/bitnami/nginx/html/vendor/livewire/livewire/src/Features/SupportDisablingBackButtonCache/DisableBackButtonCacheMiddleware.php(19): Illuminate\\Pipeline\\Pipeline->Illuminate\\Pipeline\\{closure}()
#33 /opt/bitnami/nginx/html/vendor/laravel/framework/src/Illuminate/Pipeline/Pipeline.php(209): Livewire\\Features\\SupportDisablingBackButtonCache\\DisableBackButtonCacheMiddleware->handle()
#34 /opt/bitnami/nginx/html/vendor/laravel/framework/src/Illuminate/Foundation/Http/Middleware/TransformsRequest.php(21): Illuminate\\Pipeline\\Pipeline->Illuminate\\Pipeline\\{closure}()
#35 /opt/bitnami/nginx/html/vendor/laravel/framework/src/Illuminate/Foundation/Http/Middleware/ConvertEmptyStringsToNull.php(31): Illuminate\\Foundation\\Http\\Middleware\\TransformsRequest->handle()
#36 /opt/bitnami/nginx/html/vendor/laravel/framework/src/Illuminate/Pipeline/Pipeline.php(209): Illuminate\\Foundation\\Http\\Middleware\\ConvertEmptyStringsToNull->handle()
#37 /opt/bitnami/nginx/html/vendor/laravel/framework/src/Illuminate/Foundation/Http/Middleware/TransformsRequest.php(21): Illuminate\\Pipeline\\Pipeline->Illuminate\\Pipeline\\{closure}()
#38 /opt/bitnami/nginx/html/vendor/laravel/framework/src/Illuminate/Foundation/Http/Middleware/TrimStrings.php(51): Illuminate\\Foundation\\Http\\Middleware\\TransformsRequest->handle()
#39 /opt/bitnami/nginx/html/vendor/laravel/framework/src/Illuminate/Pipeline/Pipeline.php(209): Illuminate\\Foundation\\Http\\Middleware\\TrimStrings->handle()
#40 /opt/bitnami/nginx/html/vendor/laravel/framework/src/Illuminate/Http/Middleware/ValidatePostSize.php(27): Illuminate\\Pipeline\\Pipeline->Illuminate\\Pipeline\\{closure}()
#41 /opt/bitnami/nginx/html/vendor/laravel/framework/src/Illuminate/Pipeline/Pipeline.php(209): Illuminate\\Http\\Middleware\\ValidatePostSize->handle()
#42 /opt/bitnami/nginx/html/vendor/laravel/framework/src/Illuminate/Foundation/Http/Middleware/PreventRequestsDuringMaintenance.php(110): Illuminate\\Pipeline\\Pipeline->Illuminate\\Pipeline\\{closure}()
#43 /opt/bitnami/nginx/html/vendor/laravel/framework/src/Illuminate/Pipeline/Pipeline.php(209): Illuminate\\Foundation\\Http\\Middleware\\PreventRequestsDuringMaintenance->handle()
#44 /opt/bitnami/nginx/html/vendor/laravel/framework/src/Illuminate/Http/Middleware/HandleCors.php(62): Illuminate\\Pipeline\\Pipeline->Illuminate\\Pipeline\\{closure}()
#45 /opt/bitnami/nginx/html/vendor/laravel/framework/src/Illuminate/Pipeline/Pipeline.php(209): Illuminate\\Http\\Middleware\\HandleCors->handle()
#46 /opt/bitnami/nginx/html/vendor/laravel/framework/src/Illuminate/Http/Middleware/TrustProxies.php(58): Illuminate\\Pipeline\\Pipeline->Illuminate\\Pipeline\\{closure}()
#47 /opt/bitnami/nginx/html/vendor/laravel/framework/src/Illuminate/Pipeline/Pipeline.php(209): Illuminate\\Http\\Middleware\\TrustProxies->handle()
#48 /opt/bitnami/nginx/html/vendor/laravel/framework/src/Illuminate/Pipeline/Pipeline.php(127): Illuminate\\Pipeline\\Pipeline->Illuminate\\Pipeline\\{closure}()
#49 /opt/bitnami/nginx/html/vendor/laravel/framework/src/Illuminate/Foundation/Http/Kernel.php(176): Illuminate\\Pipeline\\Pipeline->then()
#50 /opt/bitnami/nginx/html/vendor/laravel/framework/src/Illuminate/Foundation/Http/Kernel.php(145): Illuminate\\Foundation\\Http\\Kernel->sendRequestThroughRouter()
#51 /opt/bitnami/nginx/html/public/index.php(53): Illuminate\\Foundation\\Http\\Kernel->handle()
#52 {main}
"} 
[2025-10-08 01:38:17] local.ERROR: Method App\Http\Controllers\Auth\AuthenticatedSessionController::create does not exist. {"exception":"[object] (BadMethodCallException(code: 0): Method App\\Http\\Controllers\\Auth\\AuthenticatedSessionController::create does not exist. at /opt/bitnami/nginx/html/vendor/laravel/framework/src/Illuminate/Routing/Controller.php:68)
[stacktrace]
#0 /opt/bitnami/nginx/html/vendor/laravel/framework/src/Illuminate/Routing/Controller.php(54): Illuminate\\Routing\\Controller->__call()
#1 /opt/bitnami/nginx/html/vendor/laravel/framework/src/Illuminate/Routing/ControllerDispatcher.php(44): Illuminate\\Routing\\Controller->callAction()
#2 /opt/bitnami/nginx/html/vendor/laravel/framework/src/Illuminate/Routing/Route.php(266): Illuminate\\Routing\\ControllerDispatcher->dispatch()
#3 /opt/bitnami/nginx/html/vendor/laravel/framework/src/Illuminate/Routing/Route.php(212): Illuminate\\Routing\\Route->runController()
#4 /opt/bitnami/nginx/html/vendor/laravel/framework/src/Illuminate/Routing/Router.php(808): Illuminate\\Routing\\Route->run()
#5 /opt/bitnami/nginx/html/vendor/laravel/framework/src/Illuminate/Pipeline/Pipeline.php(170): Illuminate\\Routing\\Router->Illuminate\\Routing\\{closure}()
#6 /opt/bitnami/nginx/html/app/Http/Middleware/RedirectIfAuthenticated.php(28): Illuminate\\Pipeline\\Pipeline->Illuminate\\Pipeline\\{closure}()
#7 /opt/bitnami/nginx/html/vendor/laravel/framework/src/Illuminate/Pipeline/Pipeline.php(209): App\\Http\\Middleware\\RedirectIfAuthenticated->handle()
#8 /opt/bitnami/nginx/html/app/Http/Middleware/CheckInstallation.php(33): Illuminate\\Pipeline\\Pipeline->Illuminate\\Pipeline\\{closure}()
#9 /opt/bitnami/nginx/html/vendor/laravel/framework/src/Illuminate/Pipeline/Pipeline.php(209): App\\Http\\Middleware\\CheckInstallation->handle()
#10 /opt/bitnami/nginx/html/app/Http/Middleware/SetLocale.php(23): Illuminate\\Pipeline\\Pipeline->Illuminate\\Pipeline\\{closure}()
#11 /opt/bitnami/nginx/html/vendor/laravel/framework/src/Illuminate/Pipeline/Pipeline.php(209): App\\Http\\Middleware\\SetLocale->handle()
#12 /opt/bitnami/nginx/html/vendor/laravel/framework/src/Illuminate/Routing/Middleware/SubstituteBindings.php(51): Illuminate\\Pipeline\\Pipeline->Illuminate\\Pipeline\\{closure}()
#13 /opt/bitnami/nginx/html/vendor/laravel/framework/src/Illuminate/Pipeline/Pipeline.php(209): Illuminate\\Routing\\Middleware\\SubstituteBindings->handle()
#14 /opt/bitnami/nginx/html/vendor/laravel/framework/src/Illuminate/Foundation/Http/Middleware/VerifyCsrfToken.php(88): Illuminate\\Pipeline\\Pipeline->Illuminate\\Pipeline\\{closure}()
#15 /opt/bitnami/nginx/html/vendor/laravel/framework/src/Illuminate/Pipeline/Pipeline.php(209): Illuminate\\Foundation\\Http\\Middleware\\VerifyCsrfToken->handle()
#16 /opt/bitnami/nginx/html/vendor/laravel/framework/src/Illuminate/View/Middleware/ShareErrorsFromSession.php(49): Illuminate\\Pipeline\\Pipeline->Illuminate\\Pipeline\\{closure}()
#17 /opt/bitnami/nginx/html/vendor/laravel/framework/src/Illuminate/Pipeline/Pipeline.php(209): Illuminate\\View\\Middleware\\ShareErrorsFromSession->handle()
#18 /opt/bitnami/nginx/html/vendor/laravel/framework/src/Illuminate/Session/Middleware/StartSession.php(121): Illuminate\\Pipeline\\Pipeline->Illuminate\\Pipeline\\{closure}()
#19 /opt/bitnami/nginx/html/vendor/laravel/framework/src/Illuminate/Session/Middleware/StartSession.php(64): Illuminate\\Session\\Middleware\\StartSession->handleStatefulRequest()
#20 /opt/bitnami/nginx/html/vendor/laravel/framework/src/Illuminate/Pipeline/Pipeline.php(209): Illuminate\\Session\\Middleware\\StartSession->handle()
#21 /opt/bitnami/nginx/html/vendor/laravel/framework/src/Illuminate/Cookie/Middleware/AddQueuedCookiesToResponse.php(37): Illuminate\\Pipeline\\Pipeline->Illuminate\\Pipeline\\{closure}()
#22 /opt/bitnami/nginx/html/vendor/laravel/framework/src/Illuminate/Pipeline/Pipeline.php(209): Illuminate\\Cookie\\Middleware\\AddQueuedCookiesToResponse->handle()
#23 /opt/bitnami/nginx/html/vendor/laravel/framework/src/Illuminate/Cookie/Middleware/EncryptCookies.php(75): Illuminate\\Pipeline\\Pipeline->Illuminate\\Pipeline\\{closure}()
#24 /opt/bitnami/nginx/html/vendor/laravel/framework/src/Illuminate/Pipeline/Pipeline.php(209): Illuminate\\Cookie\\Middleware\\EncryptCookies->handle()
#25 /opt/bitnami/nginx/html/vendor/laravel/framework/src/Illuminate/Pipeline/Pipeline.php(127): Illuminate\\Pipeline\\Pipeline->Illuminate\\Pipeline\\{closure}()
#26 /opt/bitnami/nginx/html/vendor/laravel/framework/src/Illuminate/Routing/Router.php(807): Illuminate\\Pipeline\\Pipeline->then()
#27 /opt/bitnami/nginx/html/vendor/laravel/framework/src/Illuminate/Routing/Router.php(786): Illuminate\\Routing\\Router->runRouteWithinStack()
#28 /opt/bitnami/nginx/html/vendor/laravel/framework/src/Illuminate/Routing/Router.php(750): Illuminate\\Routing\\Router->runRoute()
#29 /opt/bitnami/nginx/html/vendor/laravel/framework/src/Illuminate/Routing/Router.php(739): Illuminate\\Routing\\Router->dispatchToRoute()
#30 /opt/bitnami/nginx/html/vendor/laravel/framework/src/Illuminate/Foundation/Http/Kernel.php(201): Illuminate\\Routing\\Router->dispatch()
#31 /opt/bitnami/nginx/html/vendor/laravel/framework/src/Illuminate/Pipeline/Pipeline.php(170): Illuminate\\Foundation\\Http\\Kernel->Illuminate\\Foundation\\Http\\{closure}()
#32 /opt/bitnami/nginx/html/vendor/livewire/livewire/src/Features/SupportDisablingBackButtonCache/DisableBackButtonCacheMiddleware.php(19): Illuminate\\Pipeline\\Pipeline->Illuminate\\Pipeline\\{closure}()
#33 /opt/bitnami/nginx/html/vendor/laravel/framework/src/Illuminate/Pipeline/Pipeline.php(209): Livewire\\Features\\SupportDisablingBackButtonCache\\DisableBackButtonCacheMiddleware->handle()
#34 /opt/bitnami/nginx/html/vendor/laravel/framework/src/Illuminate/Foundation/Http/Middleware/TransformsRequest.php(21): Illuminate\\Pipeline\\Pipeline->Illuminate\\Pipeline\\{closure}()
#35 /opt/bitnami/nginx/html/vendor/laravel/framework/src/Illuminate/Foundation/Http/Middleware/ConvertEmptyStringsToNull.php(31): Illuminate\\Foundation\\Http\\Middleware\\TransformsRequest->handle()
#36 /opt/bitnami/nginx/html/vendor/laravel/framework/src/Illuminate/Pipeline/Pipeline.php(209): Illuminate\\Foundation\\Http\\Middleware\\ConvertEmptyStringsToNull->handle()
#37 /opt/bitnami/nginx/html/vendor/laravel/framework/src/Illuminate/Foundation/Http/Middleware/TransformsRequest.php(21): Illuminate\\Pipeline\\Pipeline->Illuminate\\Pipeline\\{closure}()
#38 /opt/bitnami/nginx/html/vendor/laravel/framework/src/Illuminate/Foundation/Http/Middleware/TrimStrings.php(51): Illuminate\\Foundation\\Http\\Middleware\\TransformsRequest->handle()
#39 /opt/bitnami/nginx/html/vendor/laravel/framework/src/Illuminate/Pipeline/Pipeline.php(209): Illuminate\\Foundation\\Http\\Middleware\\TrimStrings->handle()
#40 /opt/bitnami/nginx/html/vendor/laravel/framework/src/Illuminate/Http/Middleware/ValidatePostSize.php(27): Illuminate\\Pipeline\\Pipeline->Illuminate\\Pipeline\\{closure}()
#41 /opt/bitnami/nginx/html/vendor/laravel/framework/src/Illuminate/Pipeline/Pipeline.php(209): Illuminate\\Http\\Middleware\\ValidatePostSize->handle()
#42 /opt/bitnami/nginx/html/vendor/laravel/framework/src/Illuminate/Foundation/Http/Middleware/PreventRequestsDuringMaintenance.php(110): Illuminate\\Pipeline\\Pipeline->Illuminate\\Pipeline\\{closure}()
#43 /opt/bitnami/nginx/html/vendor/laravel/framework/src/Illuminate/Pipeline/Pipeline.php(209): Illuminate\\Foundation\\Http\\Middleware\\PreventRequestsDuringMaintenance->handle()
#44 /opt/bitnami/nginx/html/vendor/laravel/framework/src/Illuminate/Http/Middleware/HandleCors.php(62): Illuminate\\Pipeline\\Pipeline->Illuminate\\Pipeline\\{closure}()
#45 /opt/bitnami/nginx/html/vendor/laravel/framework/src/Illuminate/Pipeline/Pipeline.php(209): Illuminate\\Http\\Middleware\\HandleCors->handle()
#46 /opt/bitnami/nginx/html/vendor/laravel/framework/src/Illuminate/Http/Middleware/TrustProxies.php(58): Illuminate\\Pipeline\\Pipeline->Illuminate\\Pipeline\\{closure}()
#47 /opt/bitnami/nginx/html/vendor/laravel/framework/src/Illuminate/Pipeline/Pipeline.php(209): Illuminate\\Http\\Middleware\\TrustProxies->handle()
#48 /opt/bitnami/nginx/html/vendor/laravel/framework/src/Illuminate/Pipeline/Pipeline.php(127): Illuminate\\Pipeline\\Pipeline->Illuminate\\Pipeline\\{closure}()
#49 /opt/bitnami/nginx/html/vendor/laravel/framework/src/Illuminate/Foundation/Http/Kernel.php(176): Illuminate\\Pipeline\\Pipeline->then()
#50 /opt/bitnami/nginx/html/vendor/laravel/framework/src/Illuminate/Foundation/Http/Kernel.php(145): Illuminate\\Foundation\\Http\\Kernel->sendRequestThroughRouter()
#51 /opt/bitnami/nginx/html/public/index.php(53): Illuminate\\Foundation\\Http\\Kernel->handle()
#52 {main}
"} 
[2025-10-08 01:55:51] local.ERROR: Method App\Http\Controllers\Auth\AuthenticatedSessionController::create does not exist. {"exception":"[object] (BadMethodCallException(code: 0): Method App\\Http\\Controllers\\Auth\\AuthenticatedSessionController::create does not exist. at /opt/bitnami/nginx/html/vendor/laravel/framework/src/Illuminate/Routing/Controller.php:68)
[stacktrace]
#0 /opt/bitnami/nginx/html/vendor/laravel/framework/src/Illuminate/Routing/Controller.php(54): Illuminate\\Routing\\Controller->__call()
#1 /opt/bitnami/nginx/html/vendor/laravel/framework/src/Illuminate/Routing/ControllerDispatcher.php(44): Illuminate\\Routing\\Controller->callAction()
#2 /opt/bitnami/nginx/html/vendor/laravel/framework/src/Illuminate/Routing/Route.php(266): Illuminate\\Routing\\ControllerDispatcher->dispatch()
#3 /opt/bitnami/nginx/html/vendor/laravel/framework/src/Illuminate/Routing/Route.php(212): Illuminate\\Routing\\Route->runController()
#4 /opt/bitnami/nginx/html/vendor/laravel/framework/src/Illuminate/Routing/Router.php(808): Illuminate\\Routing\\Route->run()
#5 /opt/bitnami/nginx/html/vendor/laravel/framework/src/Illuminate/Pipeline/Pipeline.php(170): Illuminate\\Routing\\Router->Illuminate\\Routing\\{closure}()
#6 /opt/bitnami/nginx/html/app/Http/Middleware/RedirectIfAuthenticated.php(28): Illuminate\\Pipeline\\Pipeline->Illuminate\\Pipeline\\{closure}()
#7 /opt/bitnami/nginx/html/vendor/laravel/framework/src/Illuminate/Pipeline/Pipeline.php(209): App\\Http\\Middleware\\RedirectIfAuthenticated->handle()
#8 /opt/bitnami/nginx/html/app/Http/Middleware/CheckInstallation.php(33): Illuminate\\Pipeline\\Pipeline->Illuminate\\Pipeline\\{closure}()
#9 /opt/bitnami/nginx/html/vendor/laravel/framework/src/Illuminate/Pipeline/Pipeline.php(209): App\\Http\\Middleware\\CheckInstallation->handle()
#10 /opt/bitnami/nginx/html/app/Http/Middleware/SetLocale.php(23): Illuminate\\Pipeline\\Pipeline->Illuminate\\Pipeline\\{closure}()
#11 /opt/bitnami/nginx/html/vendor/laravel/framework/src/Illuminate/Pipeline/Pipeline.php(209): App\\Http\\Middleware\\SetLocale->handle()
#12 /opt/bitnami/nginx/html/vendor/laravel/framework/src/Illuminate/Routing/Middleware/SubstituteBindings.php(51): Illuminate\\Pipeline\\Pipeline->Illuminate\\Pipeline\\{closure}()
#13 /opt/bitnami/nginx/html/vendor/laravel/framework/src/Illuminate/Pipeline/Pipeline.php(209): Illuminate\\Routing\\Middleware\\SubstituteBindings->handle()
#14 /opt/bitnami/nginx/html/vendor/laravel/framework/src/Illuminate/Foundation/Http/Middleware/VerifyCsrfToken.php(88): Illuminate\\Pipeline\\Pipeline->Illuminate\\Pipeline\\{closure}()
#15 /opt/bitnami/nginx/html/vendor/laravel/framework/src/Illuminate/Pipeline/Pipeline.php(209): Illuminate\\Foundation\\Http\\Middleware\\VerifyCsrfToken->handle()
#16 /opt/bitnami/nginx/html/vendor/laravel/framework/src/Illuminate/View/Middleware/ShareErrorsFromSession.php(49): Illuminate\\Pipeline\\Pipeline->Illuminate\\Pipeline\\{closure}()
#17 /opt/bitnami/nginx/html/vendor/laravel/framework/src/Illuminate/Pipeline/Pipeline.php(209): Illuminate\\View\\Middleware\\ShareErrorsFromSession->handle()
#18 /opt/bitnami/nginx/html/vendor/laravel/framework/src/Illuminate/Session/Middleware/StartSession.php(121): Illuminate\\Pipeline\\Pipeline->Illuminate\\Pipeline\\{closure}()
#19 /opt/bitnami/nginx/html/vendor/laravel/framework/src/Illuminate/Session/Middleware/StartSession.php(64): Illuminate\\Session\\Middleware\\StartSession->handleStatefulRequest()
#20 /opt/bitnami/nginx/html/vendor/laravel/framework/src/Illuminate/Pipeline/Pipeline.php(209): Illuminate\\Session\\Middleware\\StartSession->handle()
#21 /opt/bitnami/nginx/html/vendor/laravel/framework/src/Illuminate/Cookie/Middleware/AddQueuedCookiesToResponse.php(37): Illuminate\\Pipeline\\Pipeline->Illuminate\\Pipeline\\{closure}()
#22 /opt/bitnami/nginx/html/vendor/laravel/framework/src/Illuminate/Pipeline/Pipeline.php(209): Illuminate\\Cookie\\Middleware\\AddQueuedCookiesToResponse->handle()
#23 /opt/bitnami/nginx/html/vendor/laravel/framework/src/Illuminate/Cookie/Middleware/EncryptCookies.php(75): Illuminate\\Pipeline\\Pipeline->Illuminate\\Pipeline\\{closure}()
#24 /opt/bitnami/nginx/html/vendor/laravel/framework/src/Illuminate/Pipeline/Pipeline.php(209): Illuminate\\Cookie\\Middleware\\EncryptCookies->handle()
#25 /opt/bitnami/nginx/html/vendor/laravel/framework/src/Illuminate/Pipeline/Pipeline.php(127): Illuminate\\Pipeline\\Pipeline->Illuminate\\Pipeline\\{closure}()
#26 /opt/bitnami/nginx/html/vendor/laravel/framework/src/Illuminate/Routing/Router.php(807): Illuminate\\Pipeline\\Pipeline->then()
#27 /opt/bitnami/nginx/html/vendor/laravel/framework/src/Illuminate/Routing/Router.php(786): Illuminate\\Routing\\Router->runRouteWithinStack()
#28 /opt/bitnami/nginx/html/vendor/laravel/framework/src/Illuminate/Routing/Router.php(750): Illuminate\\Routing\\Router->runRoute()
#29 /opt/bitnami/nginx/html/vendor/laravel/framework/src/Illuminate/Routing/Router.php(739): Illuminate\\Routing\\Router->dispatchToRoute()
#30 /opt/bitnami/nginx/html/vendor/laravel/framework/src/Illuminate/Foundation/Http/Kernel.php(201): Illuminate\\Routing\\Router->dispatch()
#31 /opt/bitnami/nginx/html/vendor/laravel/framework/src/Illuminate/Pipeline/Pipeline.php(170): Illuminate\\Foundation\\Http\\Kernel->Illuminate\\Foundation\\Http\\{closure}()
#32 /opt/bitnami/nginx/html/vendor/livewire/livewire/src/Features/SupportDisablingBackButtonCache/DisableBackButtonCacheMiddleware.php(19): Illuminate\\Pipeline\\Pipeline->Illuminate\\Pipeline\\{closure}()
#33 /opt/bitnami/nginx/html/vendor/laravel/framework/src/Illuminate/Pipeline/Pipeline.php(209): Livewire\\Features\\SupportDisablingBackButtonCache\\DisableBackButtonCacheMiddleware->handle()
#34 /opt/bitnami/nginx/html/vendor/laravel/framework/src/Illuminate/Foundation/Http/Middleware/TransformsRequest.php(21): Illuminate\\Pipeline\\Pipeline->Illuminate\\Pipeline\\{closure}()
#35 /opt/bitnami/nginx/html/vendor/laravel/framework/src/Illuminate/Foundation/Http/Middleware/ConvertEmptyStringsToNull.php(31): Illuminate\\Foundation\\Http\\Middleware\\TransformsRequest->handle()
#36 /opt/bitnami/nginx/html/vendor/laravel/framework/src/Illuminate/Pipeline/Pipeline.php(209): Illuminate\\Foundation\\Http\\Middleware\\ConvertEmptyStringsToNull->handle()
#37 /opt/bitnami/nginx/html/vendor/laravel/framework/src/Illuminate/Foundation/Http/Middleware/TransformsRequest.php(21): Illuminate\\Pipeline\\Pipeline->Illuminate\\Pipeline\\{closure}()
#38 /opt/bitnami/nginx/html/vendor/laravel/framework/src/Illuminate/Foundation/Http/Middleware/TrimStrings.php(51): Illuminate\\Foundation\\Http\\Middleware\\TransformsRequest->handle()
#39 /opt/bitnami/nginx/html/vendor/laravel/framework/src/Illuminate/Pipeline/Pipeline.php(209): Illuminate\\Foundation\\Http\\Middleware\\TrimStrings->handle()
#40 /opt/bitnami/nginx/html/vendor/laravel/framework/src/Illuminate/Http/Middleware/ValidatePostSize.php(27): Illuminate\\Pipeline\\Pipeline->Illuminate\\Pipeline\\{closure}()
#41 /opt/bitnami/nginx/html/vendor/laravel/framework/src/Illuminate/Pipeline/Pipeline.php(209): Illuminate\\Http\\Middleware\\ValidatePostSize->handle()
#42 /opt/bitnami/nginx/html/vendor/laravel/framework/src/Illuminate/Foundation/Http/Middleware/PreventRequestsDuringMaintenance.php(110): Illuminate\\Pipeline\\Pipeline->Illuminate\\Pipeline\\{closure}()
#43 /opt/bitnami/nginx/html/vendor/laravel/framework/src/Illuminate/Pipeline/Pipeline.php(209): Illuminate\\Foundation\\Http\\Middleware\\PreventRequestsDuringMaintenance->handle()
#44 /opt/bitnami/nginx/html/vendor/laravel/framework/src/Illuminate/Http/Middleware/HandleCors.php(62): Illuminate\\Pipeline\\Pipeline->Illuminate\\Pipeline\\{closure}()
#45 /opt/bitnami/nginx/html/vendor/laravel/framework/src/Illuminate/Pipeline/Pipeline.php(209): Illuminate\\Http\\Middleware\\HandleCors->handle()
#46 /opt/bitnami/nginx/html/vendor/laravel/framework/src/Illuminate/Http/Middleware/TrustProxies.php(58): Illuminate\\Pipeline\\Pipeline->Illuminate\\Pipeline\\{closure}()
#47 /opt/bitnami/nginx/html/vendor/laravel/framework/src/Illuminate/Pipeline/Pipeline.php(209): Illuminate\\Http\\Middleware\\TrustProxies->handle()
#48 /opt/bitnami/nginx/html/vendor/laravel/framework/src/Illuminate/Pipeline/Pipeline.php(127): Illuminate\\Pipeline\\Pipeline->Illuminate\\Pipeline\\{closure}()
#49 /opt/bitnami/nginx/html/vendor/laravel/framework/src/Illuminate/Foundation/Http/Kernel.php(176): Illuminate\\Pipeline\\Pipeline->then()
#50 /opt/bitnami/nginx/html/vendor/laravel/framework/src/Illuminate/Foundation/Http/Kernel.php(145): Illuminate\\Foundation\\Http\\Kernel->sendRequestThroughRouter()
#51 /opt/bitnami/nginx/html/public/index.php(53): Illuminate\\Foundation\\Http\\Kernel->handle()
#52 {main}
"} 
[2025-10-08 01:55:59] local.ERROR: Method App\Http\Controllers\Auth\AuthenticatedSessionController::create does not exist. {"exception":"[object] (BadMethodCallException(code: 0): Method App\\Http\\Controllers\\Auth\\AuthenticatedSessionController::create does not exist. at /opt/bitnami/nginx/html/vendor/laravel/framework/src/Illuminate/Routing/Controller.php:68)
[stacktrace]
#0 /opt/bitnami/nginx/html/vendor/laravel/framework/src/Illuminate/Routing/Controller.php(54): Illuminate\\Routing\\Controller->__call()
#1 /opt/bitnami/nginx/html/vendor/laravel/framework/src/Illuminate/Routing/ControllerDispatcher.php(44): Illuminate\\Routing\\Controller->callAction()
#2 /opt/bitnami/nginx/html/vendor/laravel/framework/src/Illuminate/Routing/Route.php(266): Illuminate\\Routing\\ControllerDispatcher->dispatch()
#3 /opt/bitnami/nginx/html/vendor/laravel/framework/src/Illuminate/Routing/Route.php(212): Illuminate\\Routing\\Route->runController()
#4 /opt/bitnami/nginx/html/vendor/laravel/framework/src/Illuminate/Routing/Router.php(808): Illuminate\\Routing\\Route->run()
#5 /opt/bitnami/nginx/html/vendor/laravel/framework/src/Illuminate/Pipeline/Pipeline.php(170): Illuminate\\Routing\\Router->Illuminate\\Routing\\{closure}()
#6 /opt/bitnami/nginx/html/app/Http/Middleware/RedirectIfAuthenticated.php(28): Illuminate\\Pipeline\\Pipeline->Illuminate\\Pipeline\\{closure}()
#7 /opt/bitnami/nginx/html/vendor/laravel/framework/src/Illuminate/Pipeline/Pipeline.php(209): App\\Http\\Middleware\\RedirectIfAuthenticated->handle()
#8 /opt/bitnami/nginx/html/app/Http/Middleware/CheckInstallation.php(33): Illuminate\\Pipeline\\Pipeline->Illuminate\\Pipeline\\{closure}()
#9 /opt/bitnami/nginx/html/vendor/laravel/framework/src/Illuminate/Pipeline/Pipeline.php(209): App\\Http\\Middleware\\CheckInstallation->handle()
#10 /opt/bitnami/nginx/html/app/Http/Middleware/SetLocale.php(23): Illuminate\\Pipeline\\Pipeline->Illuminate\\Pipeline\\{closure}()
#11 /opt/bitnami/nginx/html/vendor/laravel/framework/src/Illuminate/Pipeline/Pipeline.php(209): App\\Http\\Middleware\\SetLocale->handle()
#12 /opt/bitnami/nginx/html/vendor/laravel/framework/src/Illuminate/Routing/Middleware/SubstituteBindings.php(51): Illuminate\\Pipeline\\Pipeline->Illuminate\\Pipeline\\{closure}()
#13 /opt/bitnami/nginx/html/vendor/laravel/framework/src/Illuminate/Pipeline/Pipeline.php(209): Illuminate\\Routing\\Middleware\\SubstituteBindings->handle()
#14 /opt/bitnami/nginx/html/vendor/laravel/framework/src/Illuminate/Foundation/Http/Middleware/VerifyCsrfToken.php(88): Illuminate\\Pipeline\\Pipeline->Illuminate\\Pipeline\\{closure}()
#15 /opt/bitnami/nginx/html/vendor/laravel/framework/src/Illuminate/Pipeline/Pipeline.php(209): Illuminate\\Foundation\\Http\\Middleware\\VerifyCsrfToken->handle()
#16 /opt/bitnami/nginx/html/vendor/laravel/framework/src/Illuminate/View/Middleware/ShareErrorsFromSession.php(49): Illuminate\\Pipeline\\Pipeline->Illuminate\\Pipeline\\{closure}()
#17 /opt/bitnami/nginx/html/vendor/laravel/framework/src/Illuminate/Pipeline/Pipeline.php(209): Illuminate\\View\\Middleware\\ShareErrorsFromSession->handle()
#18 /opt/bitnami/nginx/html/vendor/laravel/framework/src/Illuminate/Session/Middleware/StartSession.php(121): Illuminate\\Pipeline\\Pipeline->Illuminate\\Pipeline\\{closure}()
#19 /opt/bitnami/nginx/html/vendor/laravel/framework/src/Illuminate/Session/Middleware/StartSession.php(64): Illuminate\\Session\\Middleware\\StartSession->handleStatefulRequest()
#20 /opt/bitnami/nginx/html/vendor/laravel/framework/src/Illuminate/Pipeline/Pipeline.php(209): Illuminate\\Session\\Middleware\\StartSession->handle()
#21 /opt/bitnami/nginx/html/vendor/laravel/framework/src/Illuminate/Cookie/Middleware/AddQueuedCookiesToResponse.php(37): Illuminate\\Pipeline\\Pipeline->Illuminate\\Pipeline\\{closure}()
#22 /opt/bitnami/nginx/html/vendor/laravel/framework/src/Illuminate/Pipeline/Pipeline.php(209): Illuminate\\Cookie\\Middleware\\AddQueuedCookiesToResponse->handle()
#23 /opt/bitnami/nginx/html/vendor/laravel/framework/src/Illuminate/Cookie/Middleware/EncryptCookies.php(75): Illuminate\\Pipeline\\Pipeline->Illuminate\\Pipeline\\{closure}()
#24 /opt/bitnami/nginx/html/vendor/laravel/framework/src/Illuminate/Pipeline/Pipeline.php(209): Illuminate\\Cookie\\Middleware\\EncryptCookies->handle()
#25 /opt/bitnami/nginx/html/vendor/laravel/framework/src/Illuminate/Pipeline/Pipeline.php(127): Illuminate\\Pipeline\\Pipeline->Illuminate\\Pipeline\\{closure}()
#26 /opt/bitnami/nginx/html/vendor/laravel/framework/src/Illuminate/Routing/Router.php(807): Illuminate\\Pipeline\\Pipeline->then()
#27 /opt/bitnami/nginx/html/vendor/laravel/framework/src/Illuminate/Routing/Router.php(786): Illuminate\\Routing\\Router->runRouteWithinStack()
#28 /opt/bitnami/nginx/html/vendor/laravel/framework/src/Illuminate/Routing/Router.php(750): Illuminate\\Routing\\Router->runRoute()
#29 /opt/bitnami/nginx/html/vendor/laravel/framework/src/Illuminate/Routing/Router.php(739): Illuminate\\Routing\\Router->dispatchToRoute()
#30 /opt/bitnami/nginx/html/vendor/laravel/framework/src/Illuminate/Foundation/Http/Kernel.php(201): Illuminate\\Routing\\Router->dispatch()
#31 /opt/bitnami/nginx/html/vendor/laravel/framework/src/Illuminate/Pipeline/Pipeline.php(170): Illuminate\\Foundation\\Http\\Kernel->Illuminate\\Foundation\\Http\\{closure}()
#32 /opt/bitnami/nginx/html/vendor/livewire/livewire/src/Features/SupportDisablingBackButtonCache/DisableBackButtonCacheMiddleware.php(19): Illuminate\\Pipeline\\Pipeline->Illuminate\\Pipeline\\{closure}()
#33 /opt/bitnami/nginx/html/vendor/laravel/framework/src/Illuminate/Pipeline/Pipeline.php(209): Livewire\\Features\\SupportDisablingBackButtonCache\\DisableBackButtonCacheMiddleware->handle()
#34 /opt/bitnami/nginx/html/vendor/laravel/framework/src/Illuminate/Foundation/Http/Middleware/TransformsRequest.php(21): Illuminate\\Pipeline\\Pipeline->Illuminate\\Pipeline\\{closure}()
#35 /opt/bitnami/nginx/html/vendor/laravel/framework/src/Illuminate/Foundation/Http/Middleware/ConvertEmptyStringsToNull.php(31): Illuminate\\Foundation\\Http\\Middleware\\TransformsRequest->handle()
#36 /opt/bitnami/nginx/html/vendor/laravel/framework/src/Illuminate/Pipeline/Pipeline.php(209): Illuminate\\Foundation\\Http\\Middleware\\ConvertEmptyStringsToNull->handle()
#37 /opt/bitnami/nginx/html/vendor/laravel/framework/src/Illuminate/Foundation/Http/Middleware/TransformsRequest.php(21): Illuminate\\Pipeline\\Pipeline->Illuminate\\Pipeline\\{closure}()
#38 /opt/bitnami/nginx/html/vendor/laravel/framework/src/Illuminate/Foundation/Http/Middleware/TrimStrings.php(51): Illuminate\\Foundation\\Http\\Middleware\\TransformsRequest->handle()
#39 /opt/bitnami/nginx/html/vendor/laravel/framework/src/Illuminate/Pipeline/Pipeline.php(209): Illuminate\\Foundation\\Http\\Middleware\\TrimStrings->handle()
#40 /opt/bitnami/nginx/html/vendor/laravel/framework/src/Illuminate/Http/Middleware/ValidatePostSize.php(27): Illuminate\\Pipeline\\Pipeline->Illuminate\\Pipeline\\{closure}()
#41 /opt/bitnami/nginx/html/vendor/laravel/framework/src/Illuminate/Pipeline/Pipeline.php(209): Illuminate\\Http\\Middleware\\ValidatePostSize->handle()
#42 /opt/bitnami/nginx/html/vendor/laravel/framework/src/Illuminate/Foundation/Http/Middleware/PreventRequestsDuringMaintenance.php(110): Illuminate\\Pipeline\\Pipeline->Illuminate\\Pipeline\\{closure}()
#43 /opt/bitnami/nginx/html/vendor/laravel/framework/src/Illuminate/Pipeline/Pipeline.php(209): Illuminate\\Foundation\\Http\\Middleware\\PreventRequestsDuringMaintenance->handle()
#44 /opt/bitnami/nginx/html/vendor/laravel/framework/src/Illuminate/Http/Middleware/HandleCors.php(62): Illuminate\\Pipeline\\Pipeline->Illuminate\\Pipeline\\{closure}()
#45 /opt/bitnami/nginx/html/vendor/laravel/framework/src/Illuminate/Pipeline/Pipeline.php(209): Illuminate\\Http\\Middleware\\HandleCors->handle()
#46 /opt/bitnami/nginx/html/vendor/laravel/framework/src/Illuminate/Http/Middleware/TrustProxies.php(58): Illuminate\\Pipeline\\Pipeline->Illuminate\\Pipeline\\{closure}()
#47 /opt/bitnami/nginx/html/vendor/laravel/framework/src/Illuminate/Pipeline/Pipeline.php(209): Illuminate\\Http\\Middleware\\TrustProxies->handle()
#48 /opt/bitnami/nginx/html/vendor/laravel/framework/src/Illuminate/Pipeline/Pipeline.php(127): Illuminate\\Pipeline\\Pipeline->Illuminate\\Pipeline\\{closure}()
#49 /opt/bitnami/nginx/html/vendor/laravel/framework/src/Illuminate/Foundation/Http/Kernel.php(176): Illuminate\\Pipeline\\Pipeline->then()
#50 /opt/bitnami/nginx/html/vendor/laravel/framework/src/Illuminate/Foundation/Http/Kernel.php(145): Illuminate\\Foundation\\Http\\Kernel->sendRequestThroughRouter()
#51 /opt/bitnami/nginx/html/public/index.php(53): Illuminate\\Foundation\\Http\\Kernel->handle()
#52 {main}
"} 
[2025-10-08 03:55:35] local.ERROR: Method App\Http\Controllers\Auth\AuthenticatedSessionController::create does not exist. {"exception":"[object] (BadMethodCallException(code: 0): Method App\\Http\\Controllers\\Auth\\AuthenticatedSessionController::create does not exist. at /opt/bitnami/nginx/html/vendor/laravel/framework/src/Illuminate/Routing/Controller.php:68)
[stacktrace]
#0 /opt/bitnami/nginx/html/vendor/laravel/framework/src/Illuminate/Routing/Controller.php(54): Illuminate\\Routing\\Controller->__call()
#1 /opt/bitnami/nginx/html/vendor/laravel/framework/src/Illuminate/Routing/ControllerDispatcher.php(44): Illuminate\\Routing\\Controller->callAction()
#2 /opt/bitnami/nginx/html/vendor/laravel/framework/src/Illuminate/Routing/Route.php(266): Illuminate\\Routing\\ControllerDispatcher->dispatch()
#3 /opt/bitnami/nginx/html/vendor/laravel/framework/src/Illuminate/Routing/Route.php(212): Illuminate\\Routing\\Route->runController()
#4 /opt/bitnami/nginx/html/vendor/laravel/framework/src/Illuminate/Routing/Router.php(808): Illuminate\\Routing\\Route->run()
#5 /opt/bitnami/nginx/html/vendor/laravel/framework/src/Illuminate/Pipeline/Pipeline.php(170): Illuminate\\Routing\\Router->Illuminate\\Routing\\{closure}()
#6 /opt/bitnami/nginx/html/app/Http/Middleware/RedirectIfAuthenticated.php(28): Illuminate\\Pipeline\\Pipeline->Illuminate\\Pipeline\\{closure}()
#7 /opt/bitnami/nginx/html/vendor/laravel/framework/src/Illuminate/Pipeline/Pipeline.php(209): App\\Http\\Middleware\\RedirectIfAuthenticated->handle()
#8 /opt/bitnami/nginx/html/app/Http/Middleware/CheckInstallation.php(33): Illuminate\\Pipeline\\Pipeline->Illuminate\\Pipeline\\{closure}()
#9 /opt/bitnami/nginx/html/vendor/laravel/framework/src/Illuminate/Pipeline/Pipeline.php(209): App\\Http\\Middleware\\CheckInstallation->handle()
#10 /opt/bitnami/nginx/html/app/Http/Middleware/SetLocale.php(23): Illuminate\\Pipeline\\Pipeline->Illuminate\\Pipeline\\{closure}()
#11 /opt/bitnami/nginx/html/vendor/laravel/framework/src/Illuminate/Pipeline/Pipeline.php(209): App\\Http\\Middleware\\SetLocale->handle()
#12 /opt/bitnami/nginx/html/vendor/laravel/framework/src/Illuminate/Routing/Middleware/SubstituteBindings.php(51): Illuminate\\Pipeline\\Pipeline->Illuminate\\Pipeline\\{closure}()
#13 /opt/bitnami/nginx/html/vendor/laravel/framework/src/Illuminate/Pipeline/Pipeline.php(209): Illuminate\\Routing\\Middleware\\SubstituteBindings->handle()
#14 /opt/bitnami/nginx/html/vendor/laravel/framework/src/Illuminate/Foundation/Http/Middleware/VerifyCsrfToken.php(88): Illuminate\\Pipeline\\Pipeline->Illuminate\\Pipeline\\{closure}()
#15 /opt/bitnami/nginx/html/vendor/laravel/framework/src/Illuminate/Pipeline/Pipeline.php(209): Illuminate\\Foundation\\Http\\Middleware\\VerifyCsrfToken->handle()
#16 /opt/bitnami/nginx/html/vendor/laravel/framework/src/Illuminate/View/Middleware/ShareErrorsFromSession.php(49): Illuminate\\Pipeline\\Pipeline->Illuminate\\Pipeline\\{closure}()
#17 /opt/bitnami/nginx/html/vendor/laravel/framework/src/Illuminate/Pipeline/Pipeline.php(209): Illuminate\\View\\Middleware\\ShareErrorsFromSession->handle()
#18 /opt/bitnami/nginx/html/vendor/laravel/framework/src/Illuminate/Session/Middleware/StartSession.php(121): Illuminate\\Pipeline\\Pipeline->Illuminate\\Pipeline\\{closure}()
#19 /opt/bitnami/nginx/html/vendor/laravel/framework/src/Illuminate/Session/Middleware/StartSession.php(64): Illuminate\\Session\\Middleware\\StartSession->handleStatefulRequest()
#20 /opt/bitnami/nginx/html/vendor/laravel/framework/src/Illuminate/Pipeline/Pipeline.php(209): Illuminate\\Session\\Middleware\\StartSession->handle()
#21 /opt/bitnami/nginx/html/vendor/laravel/framework/src/Illuminate/Cookie/Middleware/AddQueuedCookiesToResponse.php(37): Illuminate\\Pipeline\\Pipeline->Illuminate\\Pipeline\\{closure}()
#22 /opt/bitnami/nginx/html/vendor/laravel/framework/src/Illuminate/Pipeline/Pipeline.php(209): Illuminate\\Cookie\\Middleware\\AddQueuedCookiesToResponse->handle()
#23 /opt/bitnami/nginx/html/vendor/laravel/framework/src/Illuminate/Cookie/Middleware/EncryptCookies.php(75): Illuminate\\Pipeline\\Pipeline->Illuminate\\Pipeline\\{closure}()
#24 /opt/bitnami/nginx/html/vendor/laravel/framework/src/Illuminate/Pipeline/Pipeline.php(209): Illuminate\\Cookie\\Middleware\\EncryptCookies->handle()
#25 /opt/bitnami/nginx/html/vendor/laravel/framework/src/Illuminate/Pipeline/Pipeline.php(127): Illuminate\\Pipeline\\Pipeline->Illuminate\\Pipeline\\{closure}()
#26 /opt/bitnami/nginx/html/vendor/laravel/framework/src/Illuminate/Routing/Router.php(807): Illuminate\\Pipeline\\Pipeline->then()
#27 /opt/bitnami/nginx/html/vendor/laravel/framework/src/Illuminate/Routing/Router.php(786): Illuminate\\Routing\\Router->runRouteWithinStack()
#28 /opt/bitnami/nginx/html/vendor/laravel/framework/src/Illuminate/Routing/Router.php(750): Illuminate\\Routing\\Router->runRoute()
#29 /opt/bitnami/nginx/html/vendor/laravel/framework/src/Illuminate/Routing/Router.php(739): Illuminate\\Routing\\Router->dispatchToRoute()
#30 /opt/bitnami/nginx/html/vendor/laravel/framework/src/Illuminate/Foundation/Http/Kernel.php(201): Illuminate\\Routing\\Router->dispatch()
#31 /opt/bitnami/nginx/html/vendor/laravel/framework/src/Illuminate/Pipeline/Pipeline.php(170): Illuminate\\Foundation\\Http\\Kernel->Illuminate\\Foundation\\Http\\{closure}()
#32 /opt/bitnami/nginx/html/vendor/livewire/livewire/src/Features/SupportDisablingBackButtonCache/DisableBackButtonCacheMiddleware.php(19): Illuminate\\Pipeline\\Pipeline->Illuminate\\Pipeline\\{closure}()
#33 /opt/bitnami/nginx/html/vendor/laravel/framework/src/Illuminate/Pipeline/Pipeline.php(209): Livewire\\Features\\SupportDisablingBackButtonCache\\DisableBackButtonCacheMiddleware->handle()
#34 /opt/bitnami/nginx/html/vendor/laravel/framework/src/Illuminate/Foundation/Http/Middleware/TransformsRequest.php(21): Illuminate\\Pipeline\\Pipeline->Illuminate\\Pipeline\\{closure}()
#35 /opt/bitnami/nginx/html/vendor/laravel/framework/src/Illuminate/Foundation/Http/Middleware/ConvertEmptyStringsToNull.php(31): Illuminate\\Foundation\\Http\\Middleware\\TransformsRequest->handle()
#36 /opt/bitnami/nginx/html/vendor/laravel/framework/src/Illuminate/Pipeline/Pipeline.php(209): Illuminate\\Foundation\\Http\\Middleware\\ConvertEmptyStringsToNull->handle()
#37 /opt/bitnami/nginx/html/vendor/laravel/framework/src/Illuminate/Foundation/Http/Middleware/TransformsRequest.php(21): Illuminate\\Pipeline\\Pipeline->Illuminate\\Pipeline\\{closure}()
#38 /opt/bitnami/nginx/html/vendor/laravel/framework/src/Illuminate/Foundation/Http/Middleware/TrimStrings.php(51): Illuminate\\Foundation\\Http\\Middleware\\TransformsRequest->handle()
#39 /opt/bitnami/nginx/html/vendor/laravel/framework/src/Illuminate/Pipeline/Pipeline.php(209): Illuminate\\Foundation\\Http\\Middleware\\TrimStrings->handle()
#40 /opt/bitnami/nginx/html/vendor/laravel/framework/src/Illuminate/Http/Middleware/ValidatePostSize.php(27): Illuminate\\Pipeline\\Pipeline->Illuminate\\Pipeline\\{closure}()
#41 /opt/bitnami/nginx/html/vendor/laravel/framework/src/Illuminate/Pipeline/Pipeline.php(209): Illuminate\\Http\\Middleware\\ValidatePostSize->handle()
#42 /opt/bitnami/nginx/html/vendor/laravel/framework/src/Illuminate/Foundation/Http/Middleware/PreventRequestsDuringMaintenance.php(110): Illuminate\\Pipeline\\Pipeline->Illuminate\\Pipeline\\{closure}()
#43 /opt/bitnami/nginx/html/vendor/laravel/framework/src/Illuminate/Pipeline/Pipeline.php(209): Illuminate\\Foundation\\Http\\Middleware\\PreventRequestsDuringMaintenance->handle()
#44 /opt/bitnami/nginx/html/vendor/laravel/framework/src/Illuminate/Http/Middleware/HandleCors.php(62): Illuminate\\Pipeline\\Pipeline->Illuminate\\Pipeline\\{closure}()
#45 /opt/bitnami/nginx/html/vendor/laravel/framework/src/Illuminate/Pipeline/Pipeline.php(209): Illuminate\\Http\\Middleware\\HandleCors->handle()
#46 /opt/bitnami/nginx/html/vendor/laravel/framework/src/Illuminate/Http/Middleware/TrustProxies.php(58): Illuminate\\Pipeline\\Pipeline->Illuminate\\Pipeline\\{closure}()
#47 /opt/bitnami/nginx/html/vendor/laravel/framework/src/Illuminate/Pipeline/Pipeline.php(209): Illuminate\\Http\\Middleware\\TrustProxies->handle()
#48 /opt/bitnami/nginx/html/vendor/laravel/framework/src/Illuminate/Pipeline/Pipeline.php(127): Illuminate\\Pipeline\\Pipeline->Illuminate\\Pipeline\\{closure}()
#49 /opt/bitnami/nginx/html/vendor/laravel/framework/src/Illuminate/Foundation/Http/Kernel.php(176): Illuminate\\Pipeline\\Pipeline->then()
#50 /opt/bitnami/nginx/html/vendor/laravel/framework/src/Illuminate/Foundation/Http/Kernel.php(145): Illuminate\\Foundation\\Http\\Kernel->sendRequestThroughRouter()
#51 /opt/bitnami/nginx/html/public/index.php(53): Illuminate\\Foundation\\Http\\Kernel->handle()
#52 {main}
"} 
[2025-10-08 03:55:49] local.ERROR: Method App\Http\Controllers\Auth\AuthenticatedSessionController::create does not exist. {"exception":"[object] (BadMethodCallException(code: 0): Method App\\Http\\Controllers\\Auth\\AuthenticatedSessionController::create does not exist. at /opt/bitnami/nginx/html/vendor/laravel/framework/src/Illuminate/Routing/Controller.php:68)
[stacktrace]
#0 /opt/bitnami/nginx/html/vendor/laravel/framework/src/Illuminate/Routing/Controller.php(54): Illuminate\\Routing\\Controller->__call()
#1 /opt/bitnami/nginx/html/vendor/laravel/framework/src/Illuminate/Routing/ControllerDispatcher.php(44): Illuminate\\Routing\\Controller->callAction()
#2 /opt/bitnami/nginx/html/vendor/laravel/framework/src/Illuminate/Routing/Route.php(266): Illuminate\\Routing\\ControllerDispatcher->dispatch()
#3 /opt/bitnami/nginx/html/vendor/laravel/framework/src/Illuminate/Routing/Route.php(212): Illuminate\\Routing\\Route->runController()
#4 /opt/bitnami/nginx/html/vendor/laravel/framework/src/Illuminate/Routing/Router.php(808): Illuminate\\Routing\\Route->run()
#5 /opt/bitnami/nginx/html/vendor/laravel/framework/src/Illuminate/Pipeline/Pipeline.php(170): Illuminate\\Routing\\Router->Illuminate\\Routing\\{closure}()
#6 /opt/bitnami/nginx/html/app/Http/Middleware/RedirectIfAuthenticated.php(28): Illuminate\\Pipeline\\Pipeline->Illuminate\\Pipeline\\{closure}()
#7 /opt/bitnami/nginx/html/vendor/laravel/framework/src/Illuminate/Pipeline/Pipeline.php(209): App\\Http\\Middleware\\RedirectIfAuthenticated->handle()
#8 /opt/bitnami/nginx/html/app/Http/Middleware/CheckInstallation.php(33): Illuminate\\Pipeline\\Pipeline->Illuminate\\Pipeline\\{closure}()
#9 /opt/bitnami/nginx/html/vendor/laravel/framework/src/Illuminate/Pipeline/Pipeline.php(209): App\\Http\\Middleware\\CheckInstallation->handle()
#10 /opt/bitnami/nginx/html/app/Http/Middleware/SetLocale.php(23): Illuminate\\Pipeline\\Pipeline->Illuminate\\Pipeline\\{closure}()
#11 /opt/bitnami/nginx/html/vendor/laravel/framework/src/Illuminate/Pipeline/Pipeline.php(209): App\\Http\\Middleware\\SetLocale->handle()
#12 /opt/bitnami/nginx/html/vendor/laravel/framework/src/Illuminate/Routing/Middleware/SubstituteBindings.php(51): Illuminate\\Pipeline\\Pipeline->Illuminate\\Pipeline\\{closure}()
#13 /opt/bitnami/nginx/html/vendor/laravel/framework/src/Illuminate/Pipeline/Pipeline.php(209): Illuminate\\Routing\\Middleware\\SubstituteBindings->handle()
#14 /opt/bitnami/nginx/html/vendor/laravel/framework/src/Illuminate/Foundation/Http/Middleware/VerifyCsrfToken.php(88): Illuminate\\Pipeline\\Pipeline->Illuminate\\Pipeline\\{closure}()
#15 /opt/bitnami/nginx/html/vendor/laravel/framework/src/Illuminate/Pipeline/Pipeline.php(209): Illuminate\\Foundation\\Http\\Middleware\\VerifyCsrfToken->handle()
#16 /opt/bitnami/nginx/html/vendor/laravel/framework/src/Illuminate/View/Middleware/ShareErrorsFromSession.php(49): Illuminate\\Pipeline\\Pipeline->Illuminate\\Pipeline\\{closure}()
#17 /opt/bitnami/nginx/html/vendor/laravel/framework/src/Illuminate/Pipeline/Pipeline.php(209): Illuminate\\View\\Middleware\\ShareErrorsFromSession->handle()
#18 /opt/bitnami/nginx/html/vendor/laravel/framework/src/Illuminate/Session/Middleware/StartSession.php(121): Illuminate\\Pipeline\\Pipeline->Illuminate\\Pipeline\\{closure}()
#19 /opt/bitnami/nginx/html/vendor/laravel/framework/src/Illuminate/Session/Middleware/StartSession.php(64): Illuminate\\Session\\Middleware\\StartSession->handleStatefulRequest()
#20 /opt/bitnami/nginx/html/vendor/laravel/framework/src/Illuminate/Pipeline/Pipeline.php(209): Illuminate\\Session\\Middleware\\StartSession->handle()
#21 /opt/bitnami/nginx/html/vendor/laravel/framework/src/Illuminate/Cookie/Middleware/AddQueuedCookiesToResponse.php(37): Illuminate\\Pipeline\\Pipeline->Illuminate\\Pipeline\\{closure}()
#22 /opt/bitnami/nginx/html/vendor/laravel/framework/src/Illuminate/Pipeline/Pipeline.php(209): Illuminate\\Cookie\\Middleware\\AddQueuedCookiesToResponse->handle()
#23 /opt/bitnami/nginx/html/vendor/laravel/framework/src/Illuminate/Cookie/Middleware/EncryptCookies.php(75): Illuminate\\Pipeline\\Pipeline->Illuminate\\Pipeline\\{closure}()
#24 /opt/bitnami/nginx/html/vendor/laravel/framework/src/Illuminate/Pipeline/Pipeline.php(209): Illuminate\\Cookie\\Middleware\\EncryptCookies->handle()
#25 /opt/bitnami/nginx/html/vendor/laravel/framework/src/Illuminate/Pipeline/Pipeline.php(127): Illuminate\\Pipeline\\Pipeline->Illuminate\\Pipeline\\{closure}()
#26 /opt/bitnami/nginx/html/vendor/laravel/framework/src/Illuminate/Routing/Router.php(807): Illuminate\\Pipeline\\Pipeline->then()
#27 /opt/bitnami/nginx/html/vendor/laravel/framework/src/Illuminate/Routing/Router.php(786): Illuminate\\Routing\\Router->runRouteWithinStack()
#28 /opt/bitnami/nginx/html/vendor/laravel/framework/src/Illuminate/Routing/Router.php(750): Illuminate\\Routing\\Router->runRoute()
#29 /opt/bitnami/nginx/html/vendor/laravel/framework/src/Illuminate/Routing/Router.php(739): Illuminate\\Routing\\Router->dispatchToRoute()
#30 /opt/bitnami/nginx/html/vendor/laravel/framework/src/Illuminate/Foundation/Http/Kernel.php(201): Illuminate\\Routing\\Router->dispatch()
#31 /opt/bitnami/nginx/html/vendor/laravel/framework/src/Illuminate/Pipeline/Pipeline.php(170): Illuminate\\Foundation\\Http\\Kernel->Illuminate\\Foundation\\Http\\{closure}()
#32 /opt/bitnami/nginx/html/vendor/livewire/livewire/src/Features/SupportDisablingBackButtonCache/DisableBackButtonCacheMiddleware.php(19): Illuminate\\Pipeline\\Pipeline->Illuminate\\Pipeline\\{closure}()
#33 /opt/bitnami/nginx/html/vendor/laravel/framework/src/Illuminate/Pipeline/Pipeline.php(209): Livewire\\Features\\SupportDisablingBackButtonCache\\DisableBackButtonCacheMiddleware->handle()
#34 /opt/bitnami/nginx/html/vendor/laravel/framework/src/Illuminate/Foundation/Http/Middleware/TransformsRequest.php(21): Illuminate\\Pipeline\\Pipeline->Illuminate\\Pipeline\\{closure}()
#35 /opt/bitnami/nginx/html/vendor/laravel/framework/src/Illuminate/Foundation/Http/Middleware/ConvertEmptyStringsToNull.php(31): Illuminate\\Foundation\\Http\\Middleware\\TransformsRequest->handle()
#36 /opt/bitnami/nginx/html/vendor/laravel/framework/src/Illuminate/Pipeline/Pipeline.php(209): Illuminate\\Foundation\\Http\\Middleware\\ConvertEmptyStringsToNull->handle()
#37 /opt/bitnami/nginx/html/vendor/laravel/framework/src/Illuminate/Foundation/Http/Middleware/TransformsRequest.php(21): Illuminate\\Pipeline\\Pipeline->Illuminate\\Pipeline\\{closure}()
#38 /opt/bitnami/nginx/html/vendor/laravel/framework/src/Illuminate/Foundation/Http/Middleware/TrimStrings.php(51): Illuminate\\Foundation\\Http\\Middleware\\TransformsRequest->handle()
#39 /opt/bitnami/nginx/html/vendor/laravel/framework/src/Illuminate/Pipeline/Pipeline.php(209): Illuminate\\Foundation\\Http\\Middleware\\TrimStrings->handle()
#40 /opt/bitnami/nginx/html/vendor/laravel/framework/src/Illuminate/Http/Middleware/ValidatePostSize.php(27): Illuminate\\Pipeline\\Pipeline->Illuminate\\Pipeline\\{closure}()
#41 /opt/bitnami/nginx/html/vendor/laravel/framework/src/Illuminate/Pipeline/Pipeline.php(209): Illuminate\\Http\\Middleware\\ValidatePostSize->handle()
#42 /opt/bitnami/nginx/html/vendor/laravel/framework/src/Illuminate/Foundation/Http/Middleware/PreventRequestsDuringMaintenance.php(110): Illuminate\\Pipeline\\Pipeline->Illuminate\\Pipeline\\{closure}()
#43 /opt/bitnami/nginx/html/vendor/laravel/framework/src/Illuminate/Pipeline/Pipeline.php(209): Illuminate\\Foundation\\Http\\Middleware\\PreventRequestsDuringMaintenance->handle()
#44 /opt/bitnami/nginx/html/vendor/laravel/framework/src/Illuminate/Http/Middleware/HandleCors.php(62): Illuminate\\Pipeline\\Pipeline->Illuminate\\Pipeline\\{closure}()
#45 /opt/bitnami/nginx/html/vendor/laravel/framework/src/Illuminate/Pipeline/Pipeline.php(209): Illuminate\\Http\\Middleware\\HandleCors->handle()
#46 /opt/bitnami/nginx/html/vendor/laravel/framework/src/Illuminate/Http/Middleware/TrustProxies.php(58): Illuminate\\Pipeline\\Pipeline->Illuminate\\Pipeline\\{closure}()
#47 /opt/bitnami/nginx/html/vendor/laravel/framework/src/Illuminate/Pipeline/Pipeline.php(209): Illuminate\\Http\\Middleware\\TrustProxies->handle()
#48 /opt/bitnami/nginx/html/vendor/laravel/framework/src/Illuminate/Pipeline/Pipeline.php(127): Illuminate\\Pipeline\\Pipeline->Illuminate\\Pipeline\\{closure}()
#49 /opt/bitnami/nginx/html/vendor/laravel/framework/src/Illuminate/Foundation/Http/Kernel.php(176): Illuminate\\Pipeline\\Pipeline->then()
#50 /opt/bitnami/nginx/html/vendor/laravel/framework/src/Illuminate/Foundation/Http/Kernel.php(145): Illuminate\\Foundation\\Http\\Kernel->sendRequestThroughRouter()
#51 /opt/bitnami/nginx/html/public/index.php(53): Illuminate\\Foundation\\Http\\Kernel->handle()
#52 {main}
"} 
[2025-10-08 04:36:08] local.ERROR: Method App\Http\Controllers\Auth\AuthenticatedSessionController::create does not exist. {"exception":"[object] (BadMethodCallException(code: 0): Method App\\Http\\Controllers\\Auth\\AuthenticatedSessionController::create does not exist. at /opt/bitnami/nginx/html/vendor/laravel/framework/src/Illuminate/Routing/Controller.php:68)
[stacktrace]
#0 /opt/bitnami/nginx/html/vendor/laravel/framework/src/Illuminate/Routing/Controller.php(54): Illuminate\\Routing\\Controller->__call()
#1 /opt/bitnami/nginx/html/vendor/laravel/framework/src/Illuminate/Routing/ControllerDispatcher.php(44): Illuminate\\Routing\\Controller->callAction()
#2 /opt/bitnami/nginx/html/vendor/laravel/framework/src/Illuminate/Routing/Route.php(266): Illuminate\\Routing\\ControllerDispatcher->dispatch()
#3 /opt/bitnami/nginx/html/vendor/laravel/framework/src/Illuminate/Routing/Route.php(212): Illuminate\\Routing\\Route->runController()
#4 /opt/bitnami/nginx/html/vendor/laravel/framework/src/Illuminate/Routing/Router.php(808): Illuminate\\Routing\\Route->run()
#5 /opt/bitnami/nginx/html/vendor/laravel/framework/src/Illuminate/Pipeline/Pipeline.php(170): Illuminate\\Routing\\Router->Illuminate\\Routing\\{closure}()
#6 /opt/bitnami/nginx/html/app/Http/Middleware/RedirectIfAuthenticated.php(28): Illuminate\\Pipeline\\Pipeline->Illuminate\\Pipeline\\{closure}()
#7 /opt/bitnami/nginx/html/vendor/laravel/framework/src/Illuminate/Pipeline/Pipeline.php(209): App\\Http\\Middleware\\RedirectIfAuthenticated->handle()
#8 /opt/bitnami/nginx/html/app/Http/Middleware/CheckInstallation.php(33): Illuminate\\Pipeline\\Pipeline->Illuminate\\Pipeline\\{closure}()
#9 /opt/bitnami/nginx/html/vendor/laravel/framework/src/Illuminate/Pipeline/Pipeline.php(209): App\\Http\\Middleware\\CheckInstallation->handle()
#10 /opt/bitnami/nginx/html/app/Http/Middleware/SetLocale.php(23): Illuminate\\Pipeline\\Pipeline->Illuminate\\Pipeline\\{closure}()
#11 /opt/bitnami/nginx/html/vendor/laravel/framework/src/Illuminate/Pipeline/Pipeline.php(209): App\\Http\\Middleware\\SetLocale->handle()
#12 /opt/bitnami/nginx/html/vendor/laravel/framework/src/Illuminate/Routing/Middleware/SubstituteBindings.php(51): Illuminate\\Pipeline\\Pipeline->Illuminate\\Pipeline\\{closure}()
#13 /opt/bitnami/nginx/html/vendor/laravel/framework/src/Illuminate/Pipeline/Pipeline.php(209): Illuminate\\Routing\\Middleware\\SubstituteBindings->handle()
#14 /opt/bitnami/nginx/html/vendor/laravel/framework/src/Illuminate/Foundation/Http/Middleware/VerifyCsrfToken.php(88): Illuminate\\Pipeline\\Pipeline->Illuminate\\Pipeline\\{closure}()
#15 /opt/bitnami/nginx/html/vendor/laravel/framework/src/Illuminate/Pipeline/Pipeline.php(209): Illuminate\\Foundation\\Http\\Middleware\\VerifyCsrfToken->handle()
#16 /opt/bitnami/nginx/html/vendor/laravel/framework/src/Illuminate/View/Middleware/ShareErrorsFromSession.php(49): Illuminate\\Pipeline\\Pipeline->Illuminate\\Pipeline\\{closure}()
#17 /opt/bitnami/nginx/html/vendor/laravel/framework/src/Illuminate/Pipeline/Pipeline.php(209): Illuminate\\View\\Middleware\\ShareErrorsFromSession->handle()
#18 /opt/bitnami/nginx/html/vendor/laravel/framework/src/Illuminate/Session/Middleware/StartSession.php(121): Illuminate\\Pipeline\\Pipeline->Illuminate\\Pipeline\\{closure}()
#19 /opt/bitnami/nginx/html/vendor/laravel/framework/src/Illuminate/Session/Middleware/StartSession.php(64): Illuminate\\Session\\Middleware\\StartSession->handleStatefulRequest()
#20 /opt/bitnami/nginx/html/vendor/laravel/framework/src/Illuminate/Pipeline/Pipeline.php(209): Illuminate\\Session\\Middleware\\StartSession->handle()
#21 /opt/bitnami/nginx/html/vendor/laravel/framework/src/Illuminate/Cookie/Middleware/AddQueuedCookiesToResponse.php(37): Illuminate\\Pipeline\\Pipeline->Illuminate\\Pipeline\\{closure}()
#22 /opt/bitnami/nginx/html/vendor/laravel/framework/src/Illuminate/Pipeline/Pipeline.php(209): Illuminate\\Cookie\\Middleware\\AddQueuedCookiesToResponse->handle()
#23 /opt/bitnami/nginx/html/vendor/laravel/framework/src/Illuminate/Cookie/Middleware/EncryptCookies.php(75): Illuminate\\Pipeline\\Pipeline->Illuminate\\Pipeline\\{closure}()
#24 /opt/bitnami/nginx/html/vendor/laravel/framework/src/Illuminate/Pipeline/Pipeline.php(209): Illuminate\\Cookie\\Middleware\\EncryptCookies->handle()
#25 /opt/bitnami/nginx/html/vendor/laravel/framework/src/Illuminate/Pipeline/Pipeline.php(127): Illuminate\\Pipeline\\Pipeline->Illuminate\\Pipeline\\{closure}()
#26 /opt/bitnami/nginx/html/vendor/laravel/framework/src/Illuminate/Routing/Router.php(807): Illuminate\\Pipeline\\Pipeline->then()
#27 /opt/bitnami/nginx/html/vendor/laravel/framework/src/Illuminate/Routing/Router.php(786): Illuminate\\Routing\\Router->runRouteWithinStack()
#28 /opt/bitnami/nginx/html/vendor/laravel/framework/src/Illuminate/Routing/Router.php(750): Illuminate\\Routing\\Router->runRoute()
#29 /opt/bitnami/nginx/html/vendor/laravel/framework/src/Illuminate/Routing/Router.php(739): Illuminate\\Routing\\Router->dispatchToRoute()
#30 /opt/bitnami/nginx/html/vendor/laravel/framework/src/Illuminate/Foundation/Http/Kernel.php(201): Illuminate\\Routing\\Router->dispatch()
#31 /opt/bitnami/nginx/html/vendor/laravel/framework/src/Illuminate/Pipeline/Pipeline.php(170): Illuminate\\Foundation\\Http\\Kernel->Illuminate\\Foundation\\Http\\{closure}()
#32 /opt/bitnami/nginx/html/vendor/livewire/livewire/src/Features/SupportDisablingBackButtonCache/DisableBackButtonCacheMiddleware.php(19): Illuminate\\Pipeline\\Pipeline->Illuminate\\Pipeline\\{closure}()
#33 /opt/bitnami/nginx/html/vendor/laravel/framework/src/Illuminate/Pipeline/Pipeline.php(209): Livewire\\Features\\SupportDisablingBackButtonCache\\DisableBackButtonCacheMiddleware->handle()
#34 /opt/bitnami/nginx/html/vendor/laravel/framework/src/Illuminate/Foundation/Http/Middleware/TransformsRequest.php(21): Illuminate\\Pipeline\\Pipeline->Illuminate\\Pipeline\\{closure}()
#35 /opt/bitnami/nginx/html/vendor/laravel/framework/src/Illuminate/Foundation/Http/Middleware/ConvertEmptyStringsToNull.php(31): Illuminate\\Foundation\\Http\\Middleware\\TransformsRequest->handle()
#36 /opt/bitnami/nginx/html/vendor/laravel/framework/src/Illuminate/Pipeline/Pipeline.php(209): Illuminate\\Foundation\\Http\\Middleware\\ConvertEmptyStringsToNull->handle()
#37 /opt/bitnami/nginx/html/vendor/laravel/framework/src/Illuminate/Foundation/Http/Middleware/TransformsRequest.php(21): Illuminate\\Pipeline\\Pipeline->Illuminate\\Pipeline\\{closure}()
#38 /opt/bitnami/nginx/html/vendor/laravel/framework/src/Illuminate/Foundation/Http/Middleware/TrimStrings.php(51): Illuminate\\Foundation\\Http\\Middleware\\TransformsRequest->handle()
#39 /opt/bitnami/nginx/html/vendor/laravel/framework/src/Illuminate/Pipeline/Pipeline.php(209): Illuminate\\Foundation\\Http\\Middleware\\TrimStrings->handle()
#40 /opt/bitnami/nginx/html/vendor/laravel/framework/src/Illuminate/Http/Middleware/ValidatePostSize.php(27): Illuminate\\Pipeline\\Pipeline->Illuminate\\Pipeline\\{closure}()
#41 /opt/bitnami/nginx/html/vendor/laravel/framework/src/Illuminate/Pipeline/Pipeline.php(209): Illuminate\\Http\\Middleware\\ValidatePostSize->handle()
#42 /opt/bitnami/nginx/html/vendor/laravel/framework/src/Illuminate/Foundation/Http/Middleware/PreventRequestsDuringMaintenance.php(110): Illuminate\\Pipeline\\Pipeline->Illuminate\\Pipeline\\{closure}()
#43 /opt/bitnami/nginx/html/vendor/laravel/framework/src/Illuminate/Pipeline/Pipeline.php(209): Illuminate\\Foundation\\Http\\Middleware\\PreventRequestsDuringMaintenance->handle()
#44 /opt/bitnami/nginx/html/vendor/laravel/framework/src/Illuminate/Http/Middleware/HandleCors.php(62): Illuminate\\Pipeline\\Pipeline->Illuminate\\Pipeline\\{closure}()
#45 /opt/bitnami/nginx/html/vendor/laravel/framework/src/Illuminate/Pipeline/Pipeline.php(209): Illuminate\\Http\\Middleware\\HandleCors->handle()
#46 /opt/bitnami/nginx/html/vendor/laravel/framework/src/Illuminate/Http/Middleware/TrustProxies.php(58): Illuminate\\Pipeline\\Pipeline->Illuminate\\Pipeline\\{closure}()
#47 /opt/bitnami/nginx/html/vendor/laravel/framework/src/Illuminate/Pipeline/Pipeline.php(209): Illuminate\\Http\\Middleware\\TrustProxies->handle()
#48 /opt/bitnami/nginx/html/vendor/laravel/framework/src/Illuminate/Pipeline/Pipeline.php(127): Illuminate\\Pipeline\\Pipeline->Illuminate\\Pipeline\\{closure}()
#49 /opt/bitnami/nginx/html/vendor/laravel/framework/src/Illuminate/Foundation/Http/Kernel.php(176): Illuminate\\Pipeline\\Pipeline->then()
#50 /opt/bitnami/nginx/html/vendor/laravel/framework/src/Illuminate/Foundation/Http/Kernel.php(145): Illuminate\\Foundation\\Http\\Kernel->sendRequestThroughRouter()
#51 /opt/bitnami/nginx/html/public/index.php(53): Illuminate\\Foundation\\Http\\Kernel->handle()
#52 {main}
"} 
[2025-10-08 04:42:17] local.ERROR: Class "Auth\LoginController" does not exist {"exception":"[object] (ReflectionException(code: -1): Class \"Auth\\LoginController\" does not exist at /opt/bitnami/nginx/html/vendor/laravel/framework/src/Illuminate/Foundation/Console/RouteListCommand.php:235)
[stacktrace]
#0 /opt/bitnami/nginx/html/vendor/laravel/framework/src/Illuminate/Foundation/Console/RouteListCommand.php(235): ReflectionClass->__construct()
#1 /opt/bitnami/nginx/html/vendor/laravel/framework/src/Illuminate/Foundation/Console/RouteListCommand.php(149): Illuminate\\Foundation\\Console\\RouteListCommand->isVendorRoute()
#2 /opt/bitnami/nginx/html/vendor/laravel/framework/src/Illuminate/Foundation/Console/RouteListCommand.php(118): Illuminate\\Foundation\\Console\\RouteListCommand->getRouteInformation()
#3 [internal function]: Illuminate\\Foundation\\Console\\RouteListCommand->Illuminate\\Foundation\\Console\\{closure}()
#4 /opt/bitnami/nginx/html/vendor/laravel/framework/src/Illuminate/Collections/Arr.php(609): array_map()
#5 /opt/bitnami/nginx/html/vendor/laravel/framework/src/Illuminate/Collections/Collection.php(799): Illuminate\\Support\\Arr::map()
#6 /opt/bitnami/nginx/html/vendor/laravel/framework/src/Illuminate/Foundation/Console/RouteListCommand.php(117): Illuminate\\Support\\Collection->map()
#7 /opt/bitnami/nginx/html/vendor/laravel/framework/src/Illuminate/Foundation/Console/RouteListCommand.php(103): Illuminate\\Foundation\\Console\\RouteListCommand->getRoutes()
#8 /opt/bitnami/nginx/html/vendor/laravel/framework/src/Illuminate/Container/BoundMethod.php(36): Illuminate\\Foundation\\Console\\RouteListCommand->handle()
#9 /opt/bitnami/nginx/html/vendor/laravel/framework/src/Illuminate/Container/Util.php(43): Illuminate\\Container\\BoundMethod::Illuminate\\Container\\{closure}()
#10 /opt/bitnami/nginx/html/vendor/laravel/framework/src/Illuminate/Container/BoundMethod.php(95): Illuminate\\Container\\Util::unwrapIfClosure()
#11 /opt/bitnami/nginx/html/vendor/laravel/framework/src/Illuminate/Container/BoundMethod.php(35): Illuminate\\Container\\BoundMethod::callBoundMethod()
#12 /opt/bitnami/nginx/html/vendor/laravel/framework/src/Illuminate/Container/Container.php(696): Illuminate\\Container\\BoundMethod::call()
#13 /opt/bitnami/nginx/html/vendor/laravel/framework/src/Illuminate/Console/Command.php(213): Illuminate\\Container\\Container->call()
#14 /opt/bitnami/nginx/html/vendor/symfony/console/Command/Command.php(279): Illuminate\\Console\\Command->execute()
#15 /opt/bitnami/nginx/html/vendor/laravel/framework/src/Illuminate/Console/Command.php(182): Symfony\\Component\\Console\\Command\\Command->run()
#16 /opt/bitnami/nginx/html/vendor/symfony/console/Application.php(1094): Illuminate\\Console\\Command->run()
#17 /opt/bitnami/nginx/html/vendor/symfony/console/Application.php(342): Symfony\\Component\\Console\\Application->doRunCommand()
#18 /opt/bitnami/nginx/html/vendor/symfony/console/Application.php(193): Symfony\\Component\\Console\\Application->doRun()
#19 /opt/bitnami/nginx/html/vendor/laravel/framework/src/Illuminate/Foundation/Console/Kernel.php(198): Symfony\\Component\\Console\\Application->run()
#20 /opt/bitnami/nginx/html/artisan(35): Illuminate\\Foundation\\Console\\Kernel->handle()
#21 {main}
"} 
[2025-10-08 05:53:57] local.INFO: Dropbox Access Token: sl.u.AGDTdXtqYgoRvFDJLtPKouSuaf23CIlwG1UVsBGBV_m7br0gJimfObg51dur1fEIvddUTNhj3uNnydgOi_Bi6qDGZBM_gRRO0BSFGWDLzhl2OqbDIwJsqKFXJTqXALDgB4-0GGWEgy9CVRN_9J_sCHMW5ZBPVOFQ9pTvGt_8ILf7sb4G0FLVBIP_TUNrLgaAP42gsf4aPY1Ly-qhGnnG4BRQXP5DH9uBoWVKg56B0GZ4xHeYqtFtZMNHHe0y3tO2yLwt8UY0kfiN_TuNdCDcrIFSS9qx1BhqP8y12kyzJBG4KmIjQkeIAHAhtkXtznplXqzxkY3fnauv9q0tTxzOxfMJThpjbpUQociYGwvd8dE9VOxuCTzrBahLl0tYJ3FMjW3TujdBTYrTu3DTiqvwKEdqDzhHHq8IY_jrY32pqrYGhxK3LKfBzfhZ3Q6nWEF4Rn_wlVEYCn4BdeoNq0pYnrWRkGl-V0Y0WxhOszAuRYcPmYyPIWGzmTDW2UU1n8MnKwZ0tLf3wGZWngH26ovwg-ydX29A1Hqpz9qe90_YrHm3r1-qhF_2GMLcRATIrt7bjzeUnUmt0ZKIhFH0peynKgBJCPyIaXk2R-ckI_Y4CpuVRtvq5SZ_F8JIxqvKTf4ASpa9pxKwIZQh1semVGmL0ipOQWIb7Tas-bkbyrEJqjpo3GXjcwKT2j39_jo8RW5nRO6-RYeAShleR3rWHL7KilRg-7ud9UMmPdkRlczPtXS5bZq3wfFSVF41Cr-wqhLn8H98Z1uiL6swMGllF-fbNQYRiOD3Uc3Dvc3j3xAOvJfqEQtXTXRVFB-l9uMQA8qxc8SXiV47_l0gx8GiidryHcQeB3EuI3VOdUduUdE05TpJ4edLVTqRLAdo-Bn4MOcFoR-RRXh_vgSN3i-Y6eu0bZgVb8NrhYRSlUZ2D1_X1MGs04VS0016Qvo3D-DqUDUbCNlaLsin4YEuTgTHTWzBLWlOFz2IEX_7qhX92L23xKvt3kM16jZu27umS_m6_GmjXYTFksKM3u96LZJw03ShRampltY4bTfWellHXjYBWAX-OQSne5n2-Pk6VFtJJSmGbrEVsU1h99nh6SdxT6c-nMFX89c80llineKE_Jer9CRK-vqTepMgxJptWMMf8LgqkRl7vQdACu0ZH6ql_x5IKT45RatRwnZWSUGhFeQS2WI3n8SjQ4Fx_ONrrRDdUkwCYCyAkFceLhwTFVzap-V41j0K6Qlcrt62vp6E8xUKGO5m9IL8cwK6b92mA2ph9mM9Iio_5MkkYNA2jZFavMEe0OeGgugb5eczysdIwJxtn5fxIw  
[2025-10-08 05:53:57] local.INFO: Dropbox Refresh Token: bflwcZUJZngAAAAAAAAAARxoEL3GDONUEMVuW3P0z0UGwPIx8UxAvSSB61eokJrP  
[2025-10-08 05:53:57] local.INFO: Dropbox upload file size {"MAX file size ::":157286400,"file size ::":9035103} 
[2025-10-08 05:53:58] local.INFO: Dropbox upload status {"result":{"name":"abstract-light-background-with-golden-lines-that-c_1759902837.mp4","path_lower":"/apps/kgram/abstract-light-background-with-golden-lines-that-c_1759902837.mp4","path_display":"/Apps/kgram/abstract-light-background-with-golden-lines-that-c_1759902837.mp4","id":"id:7pvlJUvuRAcAAAAAAAAAbA","client_modified":"2025-10-08T05:53:58Z","server_modified":"2025-10-08T05:53:58Z","rev":"016409f4f8909a200000002e1561861","size":9035103,"is_downloadable":true,"content_hash":"e2373eac18ce68b4b0595906f65ac365ae39a44ff601ca8ce29451d4690b8edf",".tag":"file"}} 
[2025-10-08 05:54:00] local.ERROR: Dropbox upload with settings:: {"result":"https://www.dropbox.com/scl/fi/t1900099o6culx0f1e8rw/abstract-light-background-with-golden-lines-that-c_1759902837.mp4?rlkey=n9ijy8qnej5cien4iygxalqhm&dl=0"} 
[2025-10-08 05:54:00] local.INFO: to convert link : https://www.dropbox.com/scl/fi/t1900099o6culx0f1e8rw/abstract-light-background-with-golden-lines-that-c_1759902837.mp4?rlkey=n9ijy8qnej5cien4iygxalqhm&dl=1  
[2025-10-08 05:54:14] local.INFO: Dropbox Access Token: sl.u.AGBp1AXuqhopp6z5SyHKrgCEPq-ljfYBBB2rDRp08LucgiElHkw58h1lK2cBq9LXl43WsuRWYXAAGbT3qLQ0uCEouBzW94SNktOEXj9OElFBgGlzd1mr0bhSCv3DwfsaXi6SbHhpdS0N-tttIhFjrqnOtRAgbJZPkO-hY_2ItbWyIvkK89HEB70vunbA6BB6UyBaZ_wknd83jAXmvHStGASaVl_lhaZKA_ZBQl0lFhTzPreTRqZYM_JYmK1wR5cfgieihH25_BmXxPOdUrXCpkLcDPHKbA-KRGj3RAGpm2LS1ADcOWHZiBFb2uBos9jTj1U0x8OvTXDEgAbgK6uWok336wBkM0OrFSqhnJ5jG_NkgAaJKTYJ8HlrCWfV-ASNJV-sxyCDVFI8n5cvMQESPhZvOrcscHjxpw6OJCfLjmEYUyz5wni88ecC6O4cz1GmvC2frcnujXC-HTMrNVN4hHVtnznAVHVBbO6aMfwv4VbeKeJ84G3FTPWYYt5dolI5MxgG30_HDrpwIMdoYtnt_WeBPIRDXMo9vib0SpJamgKRkFxHFf1Ng_ic4SQEnXS0PzJlDJQozdvfrcKFN13ongAdV6MBcRBuWIU2zvxBhIv84nLrCVeA6_lE4zdWtoGbGgknhkwkN4HcjK1CJp4rxiCnLP_TBTe2BiknbpWXe490Lok9jxRHyU2P8CQ4zUsmGAxjEM8AzGgxU16b-WzLWcwMIv-KvMnHSCT3Fwvkv2xnx_O4AwW7eFLi-ydqjCAokjegan77_lklZVjXMehizdYbYgF7P_-hTsXqlBNwTRH4mr7lBSMeWg1JPRPT6ikPl5v2RROP0Bqn7N85bSXebr3z_bsjI9mfGRb95W2og-VGe5ZI3gdCRZendglRj9UPAFEHgnoQq8nge-8lXdhXNzApsaBwN0wb-ZGf7T6PC0ITafdpiCEmOZ0rj9XL-WZQHk--fBxqA-y9jxcgJhZBbKnscA4wDaQomtdJG-T1LA-yvxWm60uFZJ_s4Tm8SMeOWDINjjSmrK6-CsbNljUFK_nSrTEVwRHSrlCGSBPzGbGYrPhlKGpF_ZCs6EVj8AavrFiNic0jXCLUavh2rzky8zGybdVgb3eigSkmeRydBIUy6Jpv1BFKdQ8LEr-o9RBVaa8Y13SgdAdOMPeZEhcscp8S1sdY7JAC24Ar9IPleweR-sYpwAdo6Fy9CTMEsxqZrIsjOr6Hp57H7olgwcVC2djpySS7-5fgwRO4hruzA216PCNNox72r0KO8IDR0aTCNXxeqncQXnei_FRjkRQrbW2k4R7JYGXjfitTozCJvLp_mw  
[2025-10-08 05:54:14] local.INFO: Dropbox Refresh Token: bflwcZUJZngAAAAAAAAAARxoEL3GDONUEMVuW3P0z0UGwPIx8UxAvSSB61eokJrP  
[2025-10-08 05:54:14] local.INFO: Dropbox upload file size {"MAX file size ::":157286400,"file size ::":9035103} 
[2025-10-08 05:54:16] local.INFO: Dropbox upload status {"result":{"name":"abstract-light-background-with-golden-lines-that-c_1759902854.mp4","path_lower":"/apps/kgram/abstract-light-background-with-golden-lines-that-c_1759902854.mp4","path_display":"/Apps/kgram/abstract-light-background-with-golden-lines-that-c_1759902854.mp4","id":"id:7pvlJUvuRAcAAAAAAAAAbQ","client_modified":"2025-10-08T05:54:15Z","server_modified":"2025-10-08T05:54:16Z","rev":"016409f5092813300000002e1561861","size":9035103,"is_downloadable":true,"content_hash":"e2373eac18ce68b4b0595906f65ac365ae39a44ff601ca8ce29451d4690b8edf",".tag":"file"}} 
[2025-10-08 05:54:17] local.ERROR: Dropbox upload with settings:: {"result":"https://www.dropbox.com/scl/fi/4gzg3i2kb6q9tlvriutch/abstract-light-background-with-golden-lines-that-c_1759902854.mp4?rlkey=fpb8i8qkfmb6c9t9ikudi1dsa&dl=0"} 
[2025-10-08 05:54:17] local.INFO: to convert link : https://www.dropbox.com/scl/fi/4gzg3i2kb6q9tlvriutch/abstract-light-background-with-golden-lines-that-c_1759902854.mp4?rlkey=fpb8i8qkfmb6c9t9ikudi1dsa&dl=1  
[2025-10-08 08:29:22] local.INFO: Dropbox Access Token: sl.u.AGBp1AXuqhopp6z5SyHKrgCEPq-ljfYBBB2rDRp08LucgiElHkw58h1lK2cBq9LXl43WsuRWYXAAGbT3qLQ0uCEouBzW94SNktOEXj9OElFBgGlzd1mr0bhSCv3DwfsaXi6SbHhpdS0N-tttIhFjrqnOtRAgbJZPkO-hY_2ItbWyIvkK89HEB70vunbA6BB6UyBaZ_wknd83jAXmvHStGASaVl_lhaZKA_ZBQl0lFhTzPreTRqZYM_JYmK1wR5cfgieihH25_BmXxPOdUrXCpkLcDPHKbA-KRGj3RAGpm2LS1ADcOWHZiBFb2uBos9jTj1U0x8OvTXDEgAbgK6uWok336wBkM0OrFSqhnJ5jG_NkgAaJKTYJ8HlrCWfV-ASNJV-sxyCDVFI8n5cvMQESPhZvOrcscHjxpw6OJCfLjmEYUyz5wni88ecC6O4cz1GmvC2frcnujXC-HTMrNVN4hHVtnznAVHVBbO6aMfwv4VbeKeJ84G3FTPWYYt5dolI5MxgG30_HDrpwIMdoYtnt_WeBPIRDXMo9vib0SpJamgKRkFxHFf1Ng_ic4SQEnXS0PzJlDJQozdvfrcKFN13ongAdV6MBcRBuWIU2zvxBhIv84nLrCVeA6_lE4zdWtoGbGgknhkwkN4HcjK1CJp4rxiCnLP_TBTe2BiknbpWXe490Lok9jxRHyU2P8CQ4zUsmGAxjEM8AzGgxU16b-WzLWcwMIv-KvMnHSCT3Fwvkv2xnx_O4AwW7eFLi-ydqjCAokjegan77_lklZVjXMehizdYbYgF7P_-hTsXqlBNwTRH4mr7lBSMeWg1JPRPT6ikPl5v2RROP0Bqn7N85bSXebr3z_bsjI9mfGRb95W2og-VGe5ZI3gdCRZendglRj9UPAFEHgnoQq8nge-8lXdhXNzApsaBwN0wb-ZGf7T6PC0ITafdpiCEmOZ0rj9XL-WZQHk--fBxqA-y9jxcgJhZBbKnscA4wDaQomtdJG-T1LA-yvxWm60uFZJ_s4Tm8SMeOWDINjjSmrK6-CsbNljUFK_nSrTEVwRHSrlCGSBPzGbGYrPhlKGpF_ZCs6EVj8AavrFiNic0jXCLUavh2rzky8zGybdVgb3eigSkmeRydBIUy6Jpv1BFKdQ8LEr-o9RBVaa8Y13SgdAdOMPeZEhcscp8S1sdY7JAC24Ar9IPleweR-sYpwAdo6Fy9CTMEsxqZrIsjOr6Hp57H7olgwcVC2djpySS7-5fgwRO4hruzA216PCNNox72r0KO8IDR0aTCNXxeqncQXnei_FRjkRQrbW2k4R7JYGXjfitTozCJvLp_mw  
[2025-10-08 08:29:22] local.INFO: Dropbox Refresh Token: bflwcZUJZngAAAAAAAAAARxoEL3GDONUEMVuW3P0z0UGwPIx8UxAvSSB61eokJrP  
[2025-10-08 08:29:22] local.INFO: Dropbox upload file size {"MAX file size ::":157286400,"file size ::":9035103} 
[2025-10-08 08:29:23] local.INFO: Dropbox upload status {"result":{"name":"abstract-light-background-with-golden-lines-that-c_1759912162.mp4","path_lower":"/apps/kgram/abstract-light-background-with-golden-lines-that-c_1759912162.mp4","path_display":"/Apps/kgram/abstract-light-background-with-golden-lines-that-c_1759912162.mp4","id":"id:7pvlJUvuRAcAAAAAAAAAbg","client_modified":"2025-10-08T08:29:23Z","server_modified":"2025-10-08T08:29:23Z","rev":"01640a17b59224600000002e1561861","size":9035103,"is_downloadable":true,"content_hash":"e2373eac18ce68b4b0595906f65ac365ae39a44ff601ca8ce29451d4690b8edf",".tag":"file"}} 
[2025-10-08 08:29:25] local.ERROR: Dropbox upload with settings:: {"result":"https://www.dropbox.com/scl/fi/moyqo4u623oxkntgsb1e6/abstract-light-background-with-golden-lines-that-c_1759912162.mp4?rlkey=dy358xzxm9zual445tb6yqoxp&dl=0"} 
[2025-10-08 08:29:25] local.INFO: to convert link : https://www.dropbox.com/scl/fi/moyqo4u623oxkntgsb1e6/abstract-light-background-with-golden-lines-that-c_1759912162.mp4?rlkey=dy358xzxm9zual445tb6yqoxp&dl=1  
[2025-10-08 08:29:28] local.INFO: Dropbox Access Token: sl.u.AGBp1AXuqhopp6z5SyHKrgCEPq-ljfYBBB2rDRp08LucgiElHkw58h1lK2cBq9LXl43WsuRWYXAAGbT3qLQ0uCEouBzW94SNktOEXj9OElFBgGlzd1mr0bhSCv3DwfsaXi6SbHhpdS0N-tttIhFjrqnOtRAgbJZPkO-hY_2ItbWyIvkK89HEB70vunbA6BB6UyBaZ_wknd83jAXmvHStGASaVl_lhaZKA_ZBQl0lFhTzPreTRqZYM_JYmK1wR5cfgieihH25_BmXxPOdUrXCpkLcDPHKbA-KRGj3RAGpm2LS1ADcOWHZiBFb2uBos9jTj1U0x8OvTXDEgAbgK6uWok336wBkM0OrFSqhnJ5jG_NkgAaJKTYJ8HlrCWfV-ASNJV-sxyCDVFI8n5cvMQESPhZvOrcscHjxpw6OJCfLjmEYUyz5wni88ecC6O4cz1GmvC2frcnujXC-HTMrNVN4hHVtnznAVHVBbO6aMfwv4VbeKeJ84G3FTPWYYt5dolI5MxgG30_HDrpwIMdoYtnt_WeBPIRDXMo9vib0SpJamgKRkFxHFf1Ng_ic4SQEnXS0PzJlDJQozdvfrcKFN13ongAdV6MBcRBuWIU2zvxBhIv84nLrCVeA6_lE4zdWtoGbGgknhkwkN4HcjK1CJp4rxiCnLP_TBTe2BiknbpWXe490Lok9jxRHyU2P8CQ4zUsmGAxjEM8AzGgxU16b-WzLWcwMIv-KvMnHSCT3Fwvkv2xnx_O4AwW7eFLi-ydqjCAokjegan77_lklZVjXMehizdYbYgF7P_-hTsXqlBNwTRH4mr7lBSMeWg1JPRPT6ikPl5v2RROP0Bqn7N85bSXebr3z_bsjI9mfGRb95W2og-VGe5ZI3gdCRZendglRj9UPAFEHgnoQq8nge-8lXdhXNzApsaBwN0wb-ZGf7T6PC0ITafdpiCEmOZ0rj9XL-WZQHk--fBxqA-y9jxcgJhZBbKnscA4wDaQomtdJG-T1LA-yvxWm60uFZJ_s4Tm8SMeOWDINjjSmrK6-CsbNljUFK_nSrTEVwRHSrlCGSBPzGbGYrPhlKGpF_ZCs6EVj8AavrFiNic0jXCLUavh2rzky8zGybdVgb3eigSkmeRydBIUy6Jpv1BFKdQ8LEr-o9RBVaa8Y13SgdAdOMPeZEhcscp8S1sdY7JAC24Ar9IPleweR-sYpwAdo6Fy9CTMEsxqZrIsjOr6Hp57H7olgwcVC2djpySS7-5fgwRO4hruzA216PCNNox72r0KO8IDR0aTCNXxeqncQXnei_FRjkRQrbW2k4R7JYGXjfitTozCJvLp_mw  
[2025-10-08 08:29:28] local.INFO: Dropbox Refresh Token: bflwcZUJZngAAAAAAAAAARxoEL3GDONUEMVuW3P0z0UGwPIx8UxAvSSB61eokJrP  
[2025-10-08 08:29:28] local.INFO: Dropbox upload file size {"MAX file size ::":157286400,"file size ::":9035103} 
[2025-10-08 08:29:30] local.INFO: Dropbox upload status {"result":{"name":"abstract-light-background-with-golden-lines-that-c_1759912168.mp4","path_lower":"/apps/kgram/abstract-light-background-with-golden-lines-that-c_1759912168.mp4","path_display":"/Apps/kgram/abstract-light-background-with-golden-lines-that-c_1759912168.mp4","id":"id:7pvlJUvuRAcAAAAAAAAAbw","client_modified":"2025-10-08T08:29:29Z","server_modified":"2025-10-08T08:29:30Z","rev":"01640a17bbe022900000002e1561861","size":9035103,"is_downloadable":true,"content_hash":"e2373eac18ce68b4b0595906f65ac365ae39a44ff601ca8ce29451d4690b8edf",".tag":"file"}} 
[2025-10-08 08:29:32] local.ERROR: Dropbox upload with settings:: {"result":"https://www.dropbox.com/scl/fi/zqa5rnd9j755kdm7jtcq6/abstract-light-background-with-golden-lines-that-c_1759912168.mp4?rlkey=n4rd5g8mz1gngfu1733u3isa0&dl=0"} 
[2025-10-08 08:29:32] local.INFO: to convert link : https://www.dropbox.com/scl/fi/zqa5rnd9j755kdm7jtcq6/abstract-light-background-with-golden-lines-that-c_1759912168.mp4?rlkey=n4rd5g8mz1gngfu1733u3isa0&dl=1  
[2025-10-08 08:29:36] local.INFO: Form data : {"_token":"Gg0ehVo35ig1rOp3CqXMVEBqdoVRAYnJFCBdHpho","type":"movie","tmdb_id":null,"is_import":"0","thumbnail_input":null,"thumbnail_url":null,"poster_input":null,"poster_url":null,"poster_tv_input":null,"poster_tv_url":null,"name":"test asdf","trailer_url_type":"Dropbox","trailer_url":null,"trailer_input":null,"trailer_video":null,"trailer_url_input":null,"dropbox_trailer_url":"https:\/\/www.dropbox.com\/scl\/fi\/moyqo4u623oxkntgsb1e6\/abstract-light-background-with-golden-lines-that-c_1759912162.mp4?rlkey=dy358xzxm9zual445tb6yqoxp&dl=0","description":"<p>asdfasdf<\/p>","movie_access":"paid","plan_id":"1","status":"1","language":"english","genres":["2"],"duration":"12:00","video_upload_type":"Dropbox","video_url_input":null,"video_file_input":null,"dropbox_video_url_input":"https:\/\/www.dropbox.com\/scl\/fi\/moyqo4u623oxkntgsb1e6\/abstract-light-background-with-golden-lines-that-c_1759912162.mp4?rlkey=dy358xzxm9zual445tb6yqoxp&dl=0","dropbox_url":"https:\/\/www.dropbox.com\/scl\/fi\/zqa5rnd9j755kdm7jtcq6\/abstract-light-background-with-golden-lines-that-c_1759912168.mp4?rlkey=n4rd5g8mz1gngfu1733u3isa0&dl=0","enable_quality":"0","video_quality_type":[null],"video_quality":[null],"quality_video_url_input":[null],"videoquality_input":null,"quality_video":[null]}  
[2025-10-08 08:29:36] local.INFO: Entertainment id ::  {"id ::":148,"dropbox_url :: ":"https://www.dropbox.com/scl/fi/zqa5rnd9j755kdm7jtcq6/abstract-light-background-with-golden-lines-that-c_1759912168.mp4?rlkey=n4rd5g8mz1gngfu1733u3isa0&dl=0"} 
[2025-10-08 08:29:36] local.INFO: Dropbox Access Token: sl.u.AGBp1AXuqhopp6z5SyHKrgCEPq-ljfYBBB2rDRp08LucgiElHkw58h1lK2cBq9LXl43WsuRWYXAAGbT3qLQ0uCEouBzW94SNktOEXj9OElFBgGlzd1mr0bhSCv3DwfsaXi6SbHhpdS0N-tttIhFjrqnOtRAgbJZPkO-hY_2ItbWyIvkK89HEB70vunbA6BB6UyBaZ_wknd83jAXmvHStGASaVl_lhaZKA_ZBQl0lFhTzPreTRqZYM_JYmK1wR5cfgieihH25_BmXxPOdUrXCpkLcDPHKbA-KRGj3RAGpm2LS1ADcOWHZiBFb2uBos9jTj1U0x8OvTXDEgAbgK6uWok336wBkM0OrFSqhnJ5jG_NkgAaJKTYJ8HlrCWfV-ASNJV-sxyCDVFI8n5cvMQESPhZvOrcscHjxpw6OJCfLjmEYUyz5wni88ecC6O4cz1GmvC2frcnujXC-HTMrNVN4hHVtnznAVHVBbO6aMfwv4VbeKeJ84G3FTPWYYt5dolI5MxgG30_HDrpwIMdoYtnt_WeBPIRDXMo9vib0SpJamgKRkFxHFf1Ng_ic4SQEnXS0PzJlDJQozdvfrcKFN13ongAdV6MBcRBuWIU2zvxBhIv84nLrCVeA6_lE4zdWtoGbGgknhkwkN4HcjK1CJp4rxiCnLP_TBTe2BiknbpWXe490Lok9jxRHyU2P8CQ4zUsmGAxjEM8AzGgxU16b-WzLWcwMIv-KvMnHSCT3Fwvkv2xnx_O4AwW7eFLi-ydqjCAokjegan77_lklZVjXMehizdYbYgF7P_-hTsXqlBNwTRH4mr7lBSMeWg1JPRPT6ikPl5v2RROP0Bqn7N85bSXebr3z_bsjI9mfGRb95W2og-VGe5ZI3gdCRZendglRj9UPAFEHgnoQq8nge-8lXdhXNzApsaBwN0wb-ZGf7T6PC0ITafdpiCEmOZ0rj9XL-WZQHk--fBxqA-y9jxcgJhZBbKnscA4wDaQomtdJG-T1LA-yvxWm60uFZJ_s4Tm8SMeOWDINjjSmrK6-CsbNljUFK_nSrTEVwRHSrlCGSBPzGbGYrPhlKGpF_ZCs6EVj8AavrFiNic0jXCLUavh2rzky8zGybdVgb3eigSkmeRydBIUy6Jpv1BFKdQ8LEr-o9RBVaa8Y13SgdAdOMPeZEhcscp8S1sdY7JAC24Ar9IPleweR-sYpwAdo6Fy9CTMEsxqZrIsjOr6Hp57H7olgwcVC2djpySS7-5fgwRO4hruzA216PCNNox72r0KO8IDR0aTCNXxeqncQXnei_FRjkRQrbW2k4R7JYGXjfitTozCJvLp_mw  
[2025-10-08 08:29:36] local.INFO: Dropbox Refresh Token: bflwcZUJZngAAAAAAAAAARxoEL3GDONUEMVuW3P0z0UGwPIx8UxAvSSB61eokJrP  
[2025-10-08 08:29:36] local.INFO: to convert link : https://www.dropbox.com/scl/fi/moyqo4u623oxkntgsb1e6/abstract-light-background-with-golden-lines-that-c_1759912162.mp4?rlkey=dy358xzxm9zual445tb6yqoxp&dl=1  
[2025-10-08 08:29:36] local.INFO: To Be Converted data : https://www.dropbox.com/scl/fi/moyqo4u623oxkntgsb1e6/abstract-light-background-with-golden-lines-that-c_1759912162.mp4?rlkey=dy358xzxm9zual445tb6yqoxp&dl=1  
[2025-10-08 08:29:36] local.INFO: Dropbox Access Token: sl.u.AGBp1AXuqhopp6z5SyHKrgCEPq-ljfYBBB2rDRp08LucgiElHkw58h1lK2cBq9LXl43WsuRWYXAAGbT3qLQ0uCEouBzW94SNktOEXj9OElFBgGlzd1mr0bhSCv3DwfsaXi6SbHhpdS0N-tttIhFjrqnOtRAgbJZPkO-hY_2ItbWyIvkK89HEB70vunbA6BB6UyBaZ_wknd83jAXmvHStGASaVl_lhaZKA_ZBQl0lFhTzPreTRqZYM_JYmK1wR5cfgieihH25_BmXxPOdUrXCpkLcDPHKbA-KRGj3RAGpm2LS1ADcOWHZiBFb2uBos9jTj1U0x8OvTXDEgAbgK6uWok336wBkM0OrFSqhnJ5jG_NkgAaJKTYJ8HlrCWfV-ASNJV-sxyCDVFI8n5cvMQESPhZvOrcscHjxpw6OJCfLjmEYUyz5wni88ecC6O4cz1GmvC2frcnujXC-HTMrNVN4hHVtnznAVHVBbO6aMfwv4VbeKeJ84G3FTPWYYt5dolI5MxgG30_HDrpwIMdoYtnt_WeBPIRDXMo9vib0SpJamgKRkFxHFf1Ng_ic4SQEnXS0PzJlDJQozdvfrcKFN13ongAdV6MBcRBuWIU2zvxBhIv84nLrCVeA6_lE4zdWtoGbGgknhkwkN4HcjK1CJp4rxiCnLP_TBTe2BiknbpWXe490Lok9jxRHyU2P8CQ4zUsmGAxjEM8AzGgxU16b-WzLWcwMIv-KvMnHSCT3Fwvkv2xnx_O4AwW7eFLi-ydqjCAokjegan77_lklZVjXMehizdYbYgF7P_-hTsXqlBNwTRH4mr7lBSMeWg1JPRPT6ikPl5v2RROP0Bqn7N85bSXebr3z_bsjI9mfGRb95W2og-VGe5ZI3gdCRZendglRj9UPAFEHgnoQq8nge-8lXdhXNzApsaBwN0wb-ZGf7T6PC0ITafdpiCEmOZ0rj9XL-WZQHk--fBxqA-y9jxcgJhZBbKnscA4wDaQomtdJG-T1LA-yvxWm60uFZJ_s4Tm8SMeOWDINjjSmrK6-CsbNljUFK_nSrTEVwRHSrlCGSBPzGbGYrPhlKGpF_ZCs6EVj8AavrFiNic0jXCLUavh2rzky8zGybdVgb3eigSkmeRydBIUy6Jpv1BFKdQ8LEr-o9RBVaa8Y13SgdAdOMPeZEhcscp8S1sdY7JAC24Ar9IPleweR-sYpwAdo6Fy9CTMEsxqZrIsjOr6Hp57H7olgwcVC2djpySS7-5fgwRO4hruzA216PCNNox72r0KO8IDR0aTCNXxeqncQXnei_FRjkRQrbW2k4R7JYGXjfitTozCJvLp_mw  
[2025-10-08 08:29:36] local.INFO: Dropbox Refresh Token: bflwcZUJZngAAAAAAAAAARxoEL3GDONUEMVuW3P0z0UGwPIx8UxAvSSB61eokJrP  
[2025-10-08 08:29:36] local.INFO: to convert link : https://www.dropbox.com/scl/fi/zqa5rnd9j755kdm7jtcq6/abstract-light-background-with-golden-lines-that-c_1759912168.mp4?rlkey=n4rd5g8mz1gngfu1733u3isa0&dl=1  
[2025-10-08 08:29:36] local.INFO: To Be Converted data : https://www.dropbox.com/scl/fi/zqa5rnd9j755kdm7jtcq6/abstract-light-background-with-golden-lines-that-c_1759912168.mp4?rlkey=n4rd5g8mz1gngfu1733u3isa0&dl=1  
[2025-10-08 08:37:28] local.ERROR: There are no commands defined in the "router" namespace.

Did you mean this?
    route {"exception":"[object] (Symfony\\Component\\Console\\Exception\\NamespaceNotFoundException(code: 0): There are no commands defined in the \"router\" namespace.

Did you mean this?
    route at /opt/bitnami/nginx/html/vendor/symfony/console/Application.php:660)
[stacktrace]
#0 /opt/bitnami/nginx/html/vendor/symfony/console/Application.php(709): Symfony\\Component\\Console\\Application->findNamespace()
#1 /opt/bitnami/nginx/html/vendor/symfony/console/Application.php(284): Symfony\\Component\\Console\\Application->find()
#2 /opt/bitnami/nginx/html/vendor/symfony/console/Application.php(193): Symfony\\Component\\Console\\Application->doRun()
#3 /opt/bitnami/nginx/html/vendor/laravel/framework/src/Illuminate/Foundation/Console/Kernel.php(198): Symfony\\Component\\Console\\Application->run()
#4 /opt/bitnami/nginx/html/artisan(35): Illuminate\\Foundation\\Console\\Kernel->handle()
#5 {main}
"} 
